\BOOKMARK [1][-]{section.1}{\376\377\000I\000n\000t\000r\000o\000d\000u\000c\000t\000i\000o\000n}{}% 1
\BOOKMARK [1][-]{section.2}{\376\377\000O\000p\000t\000i\000m\000i\000z\000a\000t\000i\000o\000n\000\040\000f\000o\000r\000m\000u\000l\000a\000t\000i\000o\000n}{}% 2
\BOOKMARK [2][-]{subsection.2.1}{\376\377\000E\000r\000r\000o\000r\000\040\000d\000e\000r\000i\000v\000a\000t\000i\000o\000n}{section.2}% 3
\BOOKMARK [2][-]{subsection.2.2}{\376\377\000E\000r\000r\000o\000r\000\040\000f\000u\000n\000c\000t\000i\000o\000n\000\040\000d\000e\000r\000i\000v\000a\000t\000i\000o\000n}{section.2}% 4
\BOOKMARK [2][-]{subsection.2.3}{\376\377\000N\000o\000n\000-\000l\000i\000n\000e\000a\000r\000\040\000l\000e\000a\000s\000t\000\040\000s\000q\000u\000a\000r\000e\000s}{section.2}% 5
\BOOKMARK [1][-]{section.3}{\376\377\000R\000e\000p\000r\000o\000j\000e\000c\000t\000i\000o\000n\000\040\000e\000r\000r\000o\000r}{}% 6
\BOOKMARK [2][-]{subsection.3.1}{\376\377\000J\000a\000c\000o\000b\000i\000a\000n\000\040\000o\000f\000\040\000t\000h\000e\000\040\000r\000e\000p\000r\000o\000j\000e\000c\000t\000i\000o\000n\000\040\000e\000r\000r\000o\000r}{section.3}% 7
\BOOKMARK [3][-]{subsubsection.3.1.1}{\376\377\000J\000a\000c\000o\000b\000i\000a\000n\000\040\000o\000f\000\040\000c\000a\000m\000e\000r\000a\000\040\000p\000o\000s\000e}{subsection.3.1}% 8
\BOOKMARK [3][-]{subsubsection.3.1.2}{\376\377\000L\000i\000e\000\040\000t\000h\000e\000o\000r\000y\000-\000b\000a\000s\000e\000d\000\040\000S\000O\000\050\0003\000\051\000\040\000o\000p\000t\000m\000i\000z\000a\000t\000i\000o\000n}{subsection.3.1}% 9
\BOOKMARK [2][-]{subsection.3.2}{\376\377\000J\000a\000c\000o\000b\000i\000a\000n\000\040\000o\000f\000\040\000M\000a\000p\000\040\000P\000o\000i\000n\000t}{section.3}% 10
\BOOKMARK [2][-]{subsection.3.3}{\376\377\000C\000o\000d\000e\000\040\000i\000m\000p\000l\000e\000m\000e\000n\000t\000a\000t\000i\000o\000n\000s}{section.3}% 11
\BOOKMARK [1][-]{section.4}{\376\377\000P\000h\000o\000t\000o\000m\000e\000t\000r\000i\000c\000\040\000e\000r\000r\000o\000r}{}% 12
\BOOKMARK [2][-]{subsection.4.1}{\376\377\000J\000a\000c\000o\000b\000i\000a\000n\000\040\000o\000f\000\040\000t\000h\000e\000\040\000p\000h\000o\000t\000o\000m\000e\000t\000r\000i\000c\000\040\000e\000r\000r\000o\000r}{section.4}% 13
\BOOKMARK [3][-]{subsubsection.4.1.1}{\376\377\000L\000i\000e\000\040\000t\000h\000e\000o\000r\000y\000-\000b\000a\000s\000e\000d\000\040\000S\000E\000\050\0003\000\051\000\040\000o\000p\000t\000i\000m\000i\000z\000a\000t\000i\000o\000n}{subsection.4.1}% 14
\BOOKMARK [2][-]{subsection.4.2}{\376\377\000C\000o\000d\000e\000\040\000i\000m\000p\000l\000e\000m\000e\000n\000t\000a\000t\000i\000o\000n\000s}{section.4}% 15
\BOOKMARK [1][-]{section.5}{\376\377\000R\000e\000l\000a\000t\000i\000v\000e\000\040\000p\000o\000s\000e\000\040\000e\000r\000r\000o\000r}{}% 16
\BOOKMARK [2][-]{subsection.5.1}{\376\377\000J\000a\000c\000o\000b\000i\000a\000n\000\040\000o\000f\000\040\000r\000e\000l\000a\000t\000i\000v\000e\000\040\000p\000o\000s\000e\000\040\000e\000r\000r\000o\000r}{section.5}% 17
\BOOKMARK [3][-]{subsubsection.5.1.1}{\376\377\000L\000i\000e\000\040\000t\000h\000e\000o\000r\000y\000-\000b\000a\000s\000e\000d\000\040\000S\000E\000\050\0003\000\051\000\040\000o\000p\000t\000i\000m\000i\000z\000a\000t\000i\000o\000n}{subsection.5.1}% 18
\BOOKMARK [2][-]{subsection.5.2}{\376\377\000C\000o\000d\000e\000\040\000i\000m\000p\000l\000e\000m\000e\000n\000t\000a\000t\000i\000o\000n\000s}{section.5}% 19
\BOOKMARK [1][-]{section.6}{\376\377\000L\000i\000n\000e\000\040\000r\000e\000p\000r\000o\000j\000e\000c\000t\000i\000o\000n\000\040\000e\000r\000r\000o\000r}{}% 20
\BOOKMARK [2][-]{subsection.6.1}{\376\377\000L\000i\000n\000e\000\040\000T\000r\000a\000n\000s\000f\000o\000r\000m\000a\000t\000i\000o\000n\000\040\000a\000n\000d\000\040\000p\000r\000o\000j\000e\000c\000t\000i\000o\000n}{section.6}% 21
\BOOKMARK [2][-]{subsection.6.2}{\376\377\000L\000i\000n\000e\000\040\000r\000e\000p\000r\000o\000j\000e\000c\000t\000i\000o\000n\000\040\000e\000r\000r\000o\000r}{section.6}% 22
\BOOKMARK [2][-]{subsection.6.3}{\376\377\000O\000r\000t\000h\000o\000n\000o\000r\000m\000a\000l\000\040\000r\000e\000p\000r\000e\000s\000e\000n\000t\000a\000t\000i\000o\000n}{section.6}% 23
\BOOKMARK [2][-]{subsection.6.4}{\376\377\000E\000r\000r\000o\000r\000\040\000f\000u\000n\000c\000t\000i\000o\000n\000\040\000f\000o\000r\000m\000u\000l\000a\000t\000i\000o\000n}{section.6}% 24
\BOOKMARK [3][-]{subsubsection.6.4.1}{\376\377\000T\000h\000e\000\040\000a\000n\000a\000l\000y\000t\000i\000c\000a\000l\000\040\000j\000a\000c\000o\000b\000i\000a\000n\000\040\000o\000f\000\040\0003\000d\000\040\000l\000i\000n\000e}{subsection.6.4}% 25
\BOOKMARK [2][-]{subsection.6.5}{\376\377\000C\000o\000d\000e\000\040\000i\000m\000p\000l\000e\000m\000e\000n\000t\000a\000t\000i\000o\000n\000s}{section.6}% 26
\BOOKMARK [1][-]{section.7}{\376\377\000I\000M\000U\000\040\000m\000e\000a\000s\000u\000r\000e\000m\000e\000n\000t\000\040\000e\000r\000r\000o\000r}{}% 27
\BOOKMARK [2][-]{subsection.7.1}{\376\377\000E\000r\000r\000o\000r\000\040\000f\000u\000n\000c\000t\000i\000o\000n\000\040\000f\000o\000r\000m\000u\000l\000a\000t\000i\000o\000n}{section.7}% 28
\BOOKMARK [2][-]{subsection.7.2}{\376\377\000J\000a\000c\000o\000b\000i\000a\000n\000\040\000o\000f\000\040\000I\000M\000U\000\040\000m\000e\000a\000s\000u\000r\000e\000m\000e\000n\000t\000\040\000e\000r\000r\000o\000r}{section.7}% 29
\BOOKMARK [3][-]{subsubsection.7.2.1}{\376\377\000L\000i\000e\000\040\000t\000h\000e\000o\000r\000y\000-\000b\000a\000s\000e\000d\000\040\000S\000O\000\050\0003\000\051\000\040\000o\000p\000t\000i\000m\000i\000z\000a\000t\000i\000o\000n}{subsection.7.2}% 30
\BOOKMARK [2][-]{subsection.7.3}{\376\377\000C\000o\000d\000e\000\040\000i\000m\000p\000l\000e\000m\000e\000n\000t\000a\000t\000i\000o\000n\000s}{section.7}% 31
\BOOKMARK [1][-]{section.8}{\376\377\000O\000t\000h\000e\000r\000\040\000j\000a\000c\000o\000b\000i\000a\000n\000s}{}% 32
\BOOKMARK [2][-]{subsection.8.1}{\376\377\000J\000a\000c\000o\000b\000i\000a\000n\000\040\000o\000f\000\040\000u\000n\000i\000t\000\040\000q\000u\000a\000t\000e\000r\000n\000i\000o\000n}{section.8}% 33
\BOOKMARK [3][-]{subsubsection.8.1.1}{\376\377\000C\000o\000d\000e\000\040\000I\000m\000p\000l\000e\000m\000e\000n\000t\000a\000t\000i\000o\000n\000s}{subsection.8.1}% 34
\BOOKMARK [2][-]{subsection.8.2}{\376\377\000J\000a\000c\000o\000b\000i\000a\000n\000\040\000o\000f\000\040\000c\000a\000m\000e\000r\000a\000\040\000i\000n\000t\000r\000i\000n\000s\000i\000c\000s}{section.8}% 35
\BOOKMARK [3][-]{subsubsection.8.2.1}{\376\377\000C\000o\000d\000e\000\040\000I\000m\000p\000l\000e\000m\000e\000n\000t\000a\000t\000i\000o\000n\000s}{subsection.8.2}% 36
\BOOKMARK [2][-]{subsection.8.3}{\376\377\000J\000a\000c\000o\000b\000i\000a\000n\000\040\000o\000f\000\040\000i\000n\000v\000e\000r\000s\000e\000\040\000d\000e\000p\000t\000h}{section.8}% 37
\BOOKMARK [3][-]{subsubsection.8.3.1}{\376\377\000I\000n\000v\000e\000r\000s\000e\000\040\000d\000e\000p\000t\000h\000\040\000p\000a\000r\000a\000m\000e\000t\000e\000r\000i\000z\000a\000t\000i\000o\000n}{subsection.8.3}% 38
\BOOKMARK [3][-]{subsubsection.8.3.2}{\376\377\000J\000a\000c\000o\000b\000i\000a\000n\000\040\000o\000f\000\040\000i\000n\000v\000e\000r\000s\000e\000\040\000d\000e\000p\000t\000h}{subsection.8.3}% 39
\BOOKMARK [3][-]{subsubsection.8.3.3}{\376\377\000C\000o\000d\000e\000\040\000I\000m\000p\000l\000e\000m\000e\000n\000t\000a\000t\000i\000o\000n\000s}{subsection.8.3}% 40
\BOOKMARK [1][-]{section.9}{\376\377\000R\000e\000f\000e\000r\000e\000n\000c\000e\000s}{}% 41
\BOOKMARK [1][-]{section.10}{\376\377\000R\000e\000v\000i\000s\000i\000o\000n\000\040\000l\000o\000g}{}% 42
