This is pdfTeX, Version 3.141592653-2.6-1.40.25 (TeX Live 2023) (preloaded format=pdflatex 2024.1.21)  10 FEB 2024 01:44
entering extended mode
 \write18 enabled.
 file:line:error style messages enabled.
 %&-line parsing enabled.
**"Notes on Kalman Filter.tex"
(./Notes on Kalman Filter.tex
LaTeX2e <2023-11-01> patch level 1
L3 programming layer <2024-01-04>
(c:/texlive/2023/texmf-dist/tex/latex/base/article.cls
Document Class: article 2023/05/17 v1.4n Standard LaTeX document class
(c:/texlive/2023/texmf-dist/tex/latex/base/size10.clo
File: size10.clo 2023/05/17 v1.4n Standard LaTeX file (size option)
)
\c@part=\count187
\c@section=\count188
\c@subsection=\count189
\c@subsubsection=\count190
\c@paragraph=\count191
\c@subparagraph=\count192
\c@figure=\count193
\c@table=\count194
\abovecaptionskip=\skip48
\belowcaptionskip=\skip49
\bibindent=\dimen140
)
(c:/texlive/2023/texmf-dist/tex/latex/base/inputenc.sty
Package: inputenc 2021/02/14 v1.3d Input encoding file
\inpenc@prehook=\toks17
\inpenc@posthook=\toks18
)
(c:/texlive/2023/texmf-dist/tex/latex/base/fontenc.sty
Package: fontenc 2021/04/29 v2.0v Standard LaTeX package
)
(c:/texlive/2023/texmf-dist/tex/latex/graphics/graphicx.sty
Package: graphicx 2021/09/16 v1.2d Enhanced LaTeX Graphics (DPC,SPQR)

(c:/texlive/2023/texmf-dist/tex/latex/graphics/keyval.sty
Package: keyval 2022/05/29 v1.15 key=value parser (DPC)
\KV@toks@=\toks19
)
(c:/texlive/2023/texmf-dist/tex/latex/graphics/graphics.sty
Package: graphics 2022/03/10 v1.4e Standard LaTeX Graphics (DPC,SPQR)

(c:/texlive/2023/texmf-dist/tex/latex/graphics/trig.sty
Package: trig 2021/08/11 v1.11 sin cos tan (DPC)
)
(c:/texlive/2023/texmf-dist/tex/latex/graphics-cfg/graphics.cfg
File: graphics.cfg 2016/06/04 v1.11 sample graphics configuration
)
Package graphics Info: Driver file: pdftex.def on input line 107.

(c:/texlive/2023/texmf-dist/tex/latex/graphics-def/pdftex.def
File: pdftex.def 2022/09/22 v1.2b Graphics/color driver for pdftex
))
\Gin@req@height=\dimen141
\Gin@req@width=\dimen142
)
(c:/texlive/2023/texmf-dist/tex/latex/grffile/grffile.sty
Package: grffile 2019/11/11 v2.1 Extended file name support for graphics (legac
y)
Package grffile Info: This package is an empty stub for compatibility on input 
line 40.
)
(c:/texlive/2023/texmf-dist/tex/latex/tools/longtable.sty
Package: longtable 2023-11-01 v4.19 Multi-page Table package (DPC)
\LTleft=\skip50
\LTright=\skip51
\LTpre=\skip52
\LTpost=\skip53
\LTchunksize=\count195
\LTcapwidth=\dimen143
\LT@head=\box51
\LT@firsthead=\box52
\LT@foot=\box53
\LT@lastfoot=\box54
\LT@gbox=\box55
\LT@cols=\count196
\LT@rows=\count197
\c@LT@tables=\count198
\c@LT@chunks=\count199
\LT@p@ftn=\toks20
)
(c:/texlive/2023/texmf-dist/tex/latex/wrapfig/wrapfig.sty
\wrapoverhang=\dimen144
\WF@size=\dimen145
\c@WF@wrappedlines=\count266
\WF@box=\box56
\WF@everypar=\toks21
Package: wrapfig 2003/01/31  v 3.6
)
(c:/texlive/2023/texmf-dist/tex/latex/graphics/rotating.sty
Package: rotating 2016/08/11 v2.16d rotated objects in LaTeX

(c:/texlive/2023/texmf-dist/tex/latex/base/ifthen.sty
Package: ifthen 2022/04/13 v1.1d Standard LaTeX ifthen package (DPC)
)
\c@r@tfl@t=\count267
\rotFPtop=\skip54
\rotFPbot=\skip55
\rot@float@box=\box57
\rot@mess@toks=\toks22
)
(c:/texlive/2023/texmf-dist/tex/generic/ulem/ulem.sty
\UL@box=\box58
\UL@hyphenbox=\box59
\UL@skip=\skip56
\UL@hook=\toks23
\UL@height=\dimen146
\UL@pe=\count268
\UL@pixel=\dimen147
\ULC@box=\box60
Package: ulem 2019/11/18
\ULdepth=\dimen148
)
(c:/texlive/2023/texmf-dist/tex/latex/amsmath/amsmath.sty
Package: amsmath 2023/05/13 v2.17o AMS math features
\@mathmargin=\skip57

For additional information on amsmath, use the `?' option.
(c:/texlive/2023/texmf-dist/tex/latex/amsmath/amstext.sty
Package: amstext 2021/08/26 v2.01 AMS text

(c:/texlive/2023/texmf-dist/tex/latex/amsmath/amsgen.sty
File: amsgen.sty 1999/11/30 v2.0 generic functions
\@emptytoks=\toks24
\ex@=\dimen149
))
(c:/texlive/2023/texmf-dist/tex/latex/amsmath/amsbsy.sty
Package: amsbsy 1999/11/29 v1.2d Bold Symbols
\pmbraise@=\dimen150
)
(c:/texlive/2023/texmf-dist/tex/latex/amsmath/amsopn.sty
Package: amsopn 2022/04/08 v2.04 operator names
)
\inf@bad=\count269
LaTeX Info: Redefining \frac on input line 234.
\uproot@=\count270
\leftroot@=\count271
LaTeX Info: Redefining \overline on input line 399.
LaTeX Info: Redefining \colon on input line 410.
\classnum@=\count272
\DOTSCASE@=\count273
LaTeX Info: Redefining \ldots on input line 496.
LaTeX Info: Redefining \dots on input line 499.
LaTeX Info: Redefining \cdots on input line 620.
\Mathstrutbox@=\box61
\strutbox@=\box62
LaTeX Info: Redefining \big on input line 722.
LaTeX Info: Redefining \Big on input line 723.
LaTeX Info: Redefining \bigg on input line 724.
LaTeX Info: Redefining \Bigg on input line 725.
\big@size=\dimen151
LaTeX Font Info:    Redeclaring font encoding OML on input line 743.
LaTeX Font Info:    Redeclaring font encoding OMS on input line 744.
\macc@depth=\count274
LaTeX Info: Redefining \bmod on input line 905.
LaTeX Info: Redefining \pmod on input line 910.
LaTeX Info: Redefining \smash on input line 940.
LaTeX Info: Redefining \relbar on input line 970.
LaTeX Info: Redefining \Relbar on input line 971.
\c@MaxMatrixCols=\count275
\dotsspace@=\muskip16
\c@parentequation=\count276
\dspbrk@lvl=\count277
\tag@help=\toks25
\row@=\count278
\column@=\count279
\maxfields@=\count280
\andhelp@=\toks26
\eqnshift@=\dimen152
\alignsep@=\dimen153
\tagshift@=\dimen154
\tagwidth@=\dimen155
\totwidth@=\dimen156
\lineht@=\dimen157
\@envbody=\toks27
\multlinegap=\skip58
\multlinetaggap=\skip59
\mathdisplay@stack=\toks28
LaTeX Info: Redefining \[ on input line 2953.
LaTeX Info: Redefining \] on input line 2954.
)
(c:/texlive/2023/texmf-dist/tex/latex/base/textcomp.sty
Package: textcomp 2020/02/02 v2.0n Standard LaTeX package
)
(c:/texlive/2023/texmf-dist/tex/latex/amsfonts/amssymb.sty
Package: amssymb 2013/01/14 v3.01 AMS font symbols

(c:/texlive/2023/texmf-dist/tex/latex/amsfonts/amsfonts.sty
Package: amsfonts 2013/01/14 v3.01 Basic AMSFonts support
\symAMSa=\mathgroup4
\symAMSb=\mathgroup5
LaTeX Font Info:    Redeclaring math symbol \hbar on input line 98.
LaTeX Font Info:    Overwriting math alphabet `\mathfrak' in version `bold'
(Font)                  U/euf/m/n --> U/euf/b/n on input line 106.
))
(c:/texlive/2023/texmf-dist/tex/latex/capt-of/capt-of.sty
Package: capt-of 2009/12/29 v0.2 standard captions outside of floats
)
(c:/texlive/2023/texmf-dist/tex/latex/hyperref/hyperref.sty
Package: hyperref 2023-11-26 v7.01g Hypertext links for LaTeX

(c:/texlive/2023/texmf-dist/tex/generic/iftex/iftex.sty
Package: iftex 2022/02/03 v1.0f TeX engine tests
)
(c:/texlive/2023/texmf-dist/tex/generic/infwarerr/infwarerr.sty
Package: infwarerr 2019/12/03 v1.5 Providing info/warning/error messages (HO)
)
(c:/texlive/2023/texmf-dist/tex/latex/kvsetkeys/kvsetkeys.sty
Package: kvsetkeys 2022-10-05 v1.19 Key value parser (HO)
)
(c:/texlive/2023/texmf-dist/tex/generic/kvdefinekeys/kvdefinekeys.sty
Package: kvdefinekeys 2019-12-19 v1.6 Define keys (HO)
)
(c:/texlive/2023/texmf-dist/tex/generic/pdfescape/pdfescape.sty
Package: pdfescape 2019/12/09 v1.15 Implements pdfTeX's escape features (HO)

(c:/texlive/2023/texmf-dist/tex/generic/ltxcmds/ltxcmds.sty
Package: ltxcmds 2023-12-04 v1.26 LaTeX kernel commands for general use (HO)
)
(c:/texlive/2023/texmf-dist/tex/generic/pdftexcmds/pdftexcmds.sty
Package: pdftexcmds 2020-06-27 v0.33 Utility functions of pdfTeX for LuaTeX (HO
)
Package pdftexcmds Info: \pdf@primitive is available.
Package pdftexcmds Info: \pdf@ifprimitive is available.
Package pdftexcmds Info: \pdfdraftmode found.
))
(c:/texlive/2023/texmf-dist/tex/latex/hycolor/hycolor.sty
Package: hycolor 2020-01-27 v1.10 Color options for hyperref/bookmark (HO)
)
(c:/texlive/2023/texmf-dist/tex/latex/letltxmacro/letltxmacro.sty
Package: letltxmacro 2019/12/03 v1.6 Let assignment for LaTeX macros (HO)
)
(c:/texlive/2023/texmf-dist/tex/latex/auxhook/auxhook.sty
Package: auxhook 2019-12-17 v1.6 Hooks for auxiliary files (HO)
)
(c:/texlive/2023/texmf-dist/tex/latex/hyperref/nameref.sty
Package: nameref 2023-11-26 v2.56 Cross-referencing by name of section

(c:/texlive/2023/texmf-dist/tex/latex/refcount/refcount.sty
Package: refcount 2019/12/15 v3.6 Data extraction from label references (HO)
)
(c:/texlive/2023/texmf-dist/tex/generic/gettitlestring/gettitlestring.sty
Package: gettitlestring 2019/12/15 v1.6 Cleanup title references (HO)

(c:/texlive/2023/texmf-dist/tex/latex/kvoptions/kvoptions.sty
Package: kvoptions 2022-06-15 v3.15 Key value format for package options (HO)
))
\c@section@level=\count281
)
(c:/texlive/2023/texmf-dist/tex/latex/etoolbox/etoolbox.sty
Package: etoolbox 2020/10/05 v2.5k e-TeX tools for LaTeX (JAW)
\etb@tempcnta=\count282
)
\@linkdim=\dimen158
\Hy@linkcounter=\count283
\Hy@pagecounter=\count284

(c:/texlive/2023/texmf-dist/tex/latex/hyperref/pd1enc.def
File: pd1enc.def 2023-11-26 v7.01g Hyperref: PDFDocEncoding definition (HO)
Now handling font encoding PD1 ...
... no UTF-8 mapping file for font encoding PD1
)
(c:/texlive/2023/texmf-dist/tex/generic/intcalc/intcalc.sty
Package: intcalc 2019/12/15 v1.3 Expandable calculations with integers (HO)
)
\Hy@SavedSpaceFactor=\count285

(c:/texlive/2023/texmf-dist/tex/latex/hyperref/puenc.def
File: puenc.def 2023-11-26 v7.01g Hyperref: PDF Unicode definition (HO)
Now handling font encoding PU ...
... no UTF-8 mapping file for font encoding PU
)
Package hyperref Info: Hyper figures OFF on input line 4181.
Package hyperref Info: Link nesting OFF on input line 4186.
Package hyperref Info: Hyper index ON on input line 4189.
Package hyperref Info: Plain pages OFF on input line 4196.
Package hyperref Info: Backreferencing OFF on input line 4201.
Package hyperref Info: Implicit mode ON; LaTeX internals redefined.
Package hyperref Info: Bookmarks ON on input line 4448.
\c@Hy@tempcnt=\count286

(c:/texlive/2023/texmf-dist/tex/latex/url/url.sty
\Urlmuskip=\muskip17
Package: url 2013/09/16  ver 3.4  Verb mode for urls, etc.
)
LaTeX Info: Redefining \url on input line 4786.
\XeTeXLinkMargin=\dimen159

(c:/texlive/2023/texmf-dist/tex/generic/bitset/bitset.sty
Package: bitset 2019/12/09 v1.3 Handle bit-vector datatype (HO)

(c:/texlive/2023/texmf-dist/tex/generic/bigintcalc/bigintcalc.sty
Package: bigintcalc 2019/12/15 v1.5 Expandable calculations on big integers (HO
)
))
\Fld@menulength=\count287
\Field@Width=\dimen160
\Fld@charsize=\dimen161
Package hyperref Info: Hyper figures OFF on input line 6065.
Package hyperref Info: Link nesting OFF on input line 6070.
Package hyperref Info: Hyper index ON on input line 6073.
Package hyperref Info: backreferencing OFF on input line 6080.
Package hyperref Info: Link coloring OFF on input line 6085.
Package hyperref Info: Link coloring with OCG OFF on input line 6090.
Package hyperref Info: PDF/A mode OFF on input line 6095.

(c:/texlive/2023/texmf-dist/tex/latex/base/atbegshi-ltx.sty
Package: atbegshi-ltx 2021/01/10 v1.0c Emulation of the original atbegshi
package with kernel methods
)
\Hy@abspage=\count288
\c@Item=\count289
\c@Hfootnote=\count290
)
Package hyperref Info: Driver (autodetected): hpdftex.

(c:/texlive/2023/texmf-dist/tex/latex/hyperref/hpdftex.def
File: hpdftex.def 2023-11-26 v7.01g Hyperref driver for pdfTeX

(c:/texlive/2023/texmf-dist/tex/latex/base/atveryend-ltx.sty
Package: atveryend-ltx 2020/08/19 v1.0a Emulation of the original atveryend pac
kage
with kernel methods
)
\Fld@listcount=\count291
\c@bookmark@seq@number=\count292

(c:/texlive/2023/texmf-dist/tex/latex/rerunfilecheck/rerunfilecheck.sty
Package: rerunfilecheck 2022-07-10 v1.10 Rerun checks for auxiliary files (HO)

(c:/texlive/2023/texmf-dist/tex/generic/uniquecounter/uniquecounter.sty
Package: uniquecounter 2019/12/15 v1.4 Provide unlimited unique counter (HO)
)
Package uniquecounter Info: New unique counter `rerunfilecheck' on input line 2
85.
)
\Hy@SectionHShift=\skip60
)
(c:/texlive/2023/texmf-dist/tex/latex/minted/minted.sty
Package: minted 2023/12/18 v2.9 Yet another Pygments shim for LaTeX

(c:/texlive/2023/texmf-dist/tex/latex/fvextra/fvextra.sty
Package: fvextra 2023/11/28 v1.6.1 fvextra - extensions and patches for fancyvr
b

(c:/texlive/2023/texmf-dist/tex/latex/fancyvrb/fancyvrb.sty
Package: fancyvrb 2023/11/06 4.5b verbatim text (tvz,hv)
\FV@CodeLineNo=\count293
\FV@InFile=\read2
\FV@TabBox=\box63
\c@FancyVerbLine=\count294
\FV@StepNumber=\count295
\FV@OutFile=\write3
)
(c:/texlive/2023/texmf-dist/tex/latex/upquote/upquote.sty
Package: upquote 2012/04/19 v1.3 upright-quote and grave-accent glyphs in verba
tim
)
(c:/texlive/2023/texmf-dist/tex/latex/lineno/lineno.sty
Package: lineno 2023/05/20 line numbers on paragraphs v5.3
\linenopenalty=\count296
\output=\toks29
\linenoprevgraf=\count297
\linenumbersep=\dimen162
\linenumberwidth=\dimen163
\c@linenumber=\count298
\c@pagewiselinenumber=\count299
\c@LN@truepage=\count300
\c@internallinenumber=\count301
\c@internallinenumbers=\count302
\quotelinenumbersep=\dimen164
\bframerule=\dimen165
\bframesep=\dimen166
\bframebox=\box64
\linenoamsmath@ams@eqpen=\count303
LaTeX Info: Redefining \\ on input line 3180.
)
\c@FancyVerbWriteLine=\count304
\c@FancyVerbBufferIndex=\count305
\c@FancyVerbBufferLength=\count306
\c@FancyVerbBufferLine=\count307
\c@FV@oldbufferlength=\count308
\c@FV@TrueTabGroupLevel=\count309
\c@FV@TrueTabCounter=\count310
\FV@TabBox@Group=\box65
\FV@TmpLength=\skip61
\c@FV@HighlightLinesStart=\count311
\c@FV@HighlightLinesStop=\count312
\FV@LoopCount=\count313
\FV@NCharsBox=\box66
\FV@BreakIndent=\dimen167
\FV@BreakIndentNChars=\count314
\FV@BreakSymbolSepLeft=\dimen168
\FV@BreakSymbolSepLeftNChars=\count315
\FV@BreakSymbolSepRight=\dimen169
\FV@BreakSymbolSepRightNChars=\count316
\FV@BreakSymbolIndentLeft=\dimen170
\FV@BreakSymbolIndentLeftNChars=\count317
\FV@BreakSymbolIndentRight=\dimen171
\FV@BreakSymbolIndentRightNChars=\count318
\c@FancyVerbLineBreakLast=\count319
\FV@LineBox=\box67
\FV@LineIndentBox=\box68
\c@FV@BreakBufferDepth=\count320
\FV@LineWidth=\dimen172
)
(c:/texlive/2023/texmf-dist/tex/latex/tools/shellesc.sty
Package: shellesc 2023/07/08 v1.0d unified shell escape interface for LaTeX
Package shellesc Info: Unrestricted shell escape enabled on input line 75.
)
(c:/texlive/2023/texmf-dist/tex/latex/ifplatform/ifplatform.sty
Package: ifplatform 2017/10/13 v0.4a Testing for the operating system

(c:/texlive/2023/texmf-dist/tex/generic/catchfile/catchfile.sty
Package: catchfile 2019/12/09 v1.8 Catch the contents of a file (HO)

(c:/texlive/2023/texmf-dist/tex/generic/etexcmds/etexcmds.sty
Package: etexcmds 2019/12/15 v1.7 Avoid name clashes with e-TeX commands (HO)
))
(c:/texlive/2023/texmf-dist/tex/generic/iftex/ifluatex.sty
Package: ifluatex 2019/10/25 v1.5 ifluatex legacy package. Use iftex instead.
))
(c:/texlive/2023/texmf-dist/tex/generic/xstring/xstring.sty
(c:/texlive/2023/texmf-dist/tex/generic/xstring/xstring.tex
\xs_counta=\count321
\xs_countb=\count322
)
Package: xstring 2023/08/22 v1.86 String manipulations (CT)
)
(c:/texlive/2023/texmf-dist/tex/latex/framed/framed.sty
Package: framed 2011/10/22 v 0.96: framed or shaded text with page breaks
\OuterFrameSep=\skip62
\fb@frw=\dimen173
\fb@frh=\dimen174
\FrameRule=\dimen175
\FrameSep=\dimen176
)
(c:/texlive/2023/texmf-dist/tex/latex/float/float.sty
Package: float 2001/11/08 v1.3d Float enhancements (AL)
\c@float@type=\count323
\float@exts=\toks30
\float@box=\box69
\@float@everytoks=\toks31
\@floatcapt=\box70
)
\minted@appexistsfile=\read3
\minted@bgbox=\box71
\minted@code=\write4
\c@minted@FancyVerbLineTemp=\count324
\c@minted@pygmentizecounter=\count325
\@float@every@listing=\toks32
\c@listing=\count326
)
runsystem(if not exist _minted-Notes_on_Kalman_Filter mkdir _minted-Notes_on_Ka
lman_Filter)...executed.


(c:/texlive/2023/texmf-dist/tex/latex/geometry/geometry.sty
Package: geometry 2020/01/02 v5.9 Page Geometry

(c:/texlive/2023/texmf-dist/tex/generic/iftex/ifvtex.sty
Package: ifvtex 2019/10/25 v1.7 ifvtex legacy package. Use iftex instead.
)
\Gm@cnth=\count327
\Gm@cntv=\count328
\c@Gm@tempcnt=\count329
\Gm@bindingoffset=\dimen177
\Gm@wd@mp=\dimen178
\Gm@odd@mp=\dimen179
\Gm@even@mp=\dimen180
\Gm@layoutwidth=\dimen181
\Gm@layoutheight=\dimen182
\Gm@layouthoffset=\dimen183
\Gm@layoutvoffset=\dimen184
\Gm@dimlist=\toks33
)
(c:/texlive/2023/texmf-dist/tex/latex/cjk-ko/kotex.sty
Package: kotex 2015/04/19 v1.6 Korean TeX (ko.TeX)

(c:/texlive/2023/texmf-dist/tex/latex/kotex-utf/kotex.cfg)
(c:/texlive/2023/texmf-dist/tex/latex/kotex-utf/kotexutf.sty
Package: kotexutf 2022/06/22 v3.0.0 typesetting UTF-8 Korean documents

(c:/texlive/2023/texmf-dist/tex/plain/kotex-plain/kotexutf-core.tex
\unih@ngulpoint=\count330
\dhucs@emph@raise=\dimen185
)
Now handling font encoding LUC ...
... processing UTF-8 mapping file for font encoding LUC

(c:/texlive/2023/texmf-dist/tex/latex/kotex-utf/lucenc.dfu
File: lucenc.dfu 2007/09/05 UTF-8 support for dhucs
   defining Unicode char U+00B7 (decimal 183)
   defining Unicode char U+2018 (decimal 8216)
   defining Unicode char U+2019 (decimal 8217)
   defining Unicode char U+201C (decimal 8220)
   defining Unicode char U+201D (decimal 8221)
   defining Unicode char U+3001 (decimal 12289)
   defining Unicode char U+3002 (decimal 12290)
   defining Unicode char U+3008 (decimal 12296)
   defining Unicode char U+3009 (decimal 12297)
   defining Unicode char U+300A (decimal 12298)
   defining Unicode char U+300B (decimal 12299)
   defining Unicode char U+300C (decimal 12300)
   defining Unicode char U+300D (decimal 12301)
   defining Unicode char U+300E (decimal 12302)
   defining Unicode char U+300F (decimal 12303)
   defining Unicode char U+3010 (decimal 12304)
   defining Unicode char U+3011 (decimal 12305)
   defining Unicode char U+3014 (decimal 12308)
   defining Unicode char U+3015 (decimal 12309)
   defining Unicode char U+3016 (decimal 12310)
   defining Unicode char U+3017 (decimal 12311)
   defining Unicode char U+3018 (decimal 12312)
   defining Unicode char U+3019 (decimal 12313)
   defining Unicode char U+301A (decimal 12314)
   defining Unicode char U+301B (decimal 12315)
   defining Unicode char U+FF01 (decimal 65281)
   defining Unicode char U+FF08 (decimal 65288)
   defining Unicode char U+FF09 (decimal 65289)
   defining Unicode char U+FF0C (decimal 65292)
   defining Unicode char U+FF0E (decimal 65294)
   defining Unicode char U+FF1A (decimal 65306)
   defining Unicode char U+FF1B (decimal 65307)
   defining Unicode char U+FF1C (decimal 65308)
   defining Unicode char U+FF1D (decimal 65309)
   defining Unicode char U+FF1E (decimal 65310)
   defining Unicode char U+FF1F (decimal 65311)
   defining Unicode char U+FF3B (decimal 65339)
   defining Unicode char U+FF3D (decimal 65341)
   defining Unicode char U+FF5B (decimal 65371)
   defining Unicode char U+FF5D (decimal 65373)
   defining Unicode char U+FF61 (decimal 65377)
   defining Unicode char U+FF62 (decimal 65378)
   defining Unicode char U+FF63 (decimal 65379)
   defining Unicode char U+FF64 (decimal 65380)
   defining Unicode char U+FF65 (decimal 65381)
)
\@josa=\count331
\josatoks=\toks34

(c:/texlive/2023/texmf-dist/tex/latex/cjk-ko/kolabels-utf.sty
Package: kolabels-utf 2015/03/20 v1.5 UTF-8 Hangul item labels
)))
(c:/texlive/2023/texmf-dist/tex/latex/gensymb/gensymb.sty
Package: gensymb 2022/10/17 v1.0.2 (KJH)
)
(c:/texlive/2023/texmf-dist/tex/latex/tools/multicol.sty
Package: multicol 2023/03/30 v1.9f multicolumn formatting (FMi)
\c@tracingmulticols=\count332
\mult@box=\box72
\multicol@leftmargin=\dimen186
\c@unbalance=\count333
\c@collectmore=\count334
\doublecol@number=\count335
\multicoltolerance=\count336
\multicolpretolerance=\count337
\full@width=\dimen187
\page@free=\dimen188
\premulticols=\dimen189
\postmulticols=\dimen190
\multicolsep=\skip63
\multicolbaselineskip=\skip64
\partial@page=\box73
\last@line=\box74
\mc@boxedresult=\box75
\maxbalancingoverflow=\dimen191
\mult@rightbox=\box76
\mult@grightbox=\box77
\mult@firstbox=\box78
\mult@gfirstbox=\box79
\@tempa=\box80
\@tempa=\box81
\@tempa=\box82
\@tempa=\box83
\@tempa=\box84
\@tempa=\box85
\@tempa=\box86
\@tempa=\box87
\@tempa=\box88
\@tempa=\box89
\@tempa=\box90
\@tempa=\box91
\@tempa=\box92
\@tempa=\box93
\@tempa=\box94
\@tempa=\box95
\@tempa=\box96
\@tempa=\box97
\@tempa=\box98
\@tempa=\box99
\@tempa=\box100
\@tempa=\box101
\@tempa=\box102
\@tempa=\box103
\@tempa=\box104
\@tempa=\box105
\@tempa=\box106
\@tempa=\box107
\@tempa=\box108
\@tempa=\box109
\@tempa=\box110
\@tempa=\box111
\@tempa=\box112
\@tempa=\box113
\@tempa=\box114
\@tempa=\box115
\c@minrows=\count338
\c@columnbadness=\count339
\c@finalcolumnbadness=\count340
\last@try=\dimen192
\multicolovershoot=\dimen193
\multicolundershoot=\dimen194
\mult@nat@firstbox=\box116
\colbreak@box=\box117
\mc@col@check@num=\count341
)
(c:/texlive/2023/texmf-dist/tex/latex/enumitem/enumitem.sty
Package: enumitem 2019/06/20 v3.9 Customized lists
\labelindent=\skip65
\enit@outerparindent=\dimen195
\enit@toks=\toks35
\enit@inbox=\box118
\enit@count@id=\count342
\enitdp@description=\count343
)
(c:/texlive/2023/texmf-dist/tex/latex/xcolor/xcolor.sty
Package: xcolor 2023/11/15 v3.01 LaTeX color extensions (UK)

(c:/texlive/2023/texmf-dist/tex/latex/graphics-cfg/color.cfg
File: color.cfg 2016/01/02 v1.6 sample color configuration
)
Package xcolor Info: Driver file: pdftex.def on input line 274.

(c:/texlive/2023/texmf-dist/tex/latex/graphics/mathcolor.ltx)
Package xcolor Info: Model `cmy' substituted by `cmy0' on input line 1350.
Package xcolor Info: Model `hsb' substituted by `rgb' on input line 1354.
Package xcolor Info: Model `RGB' extended on input line 1366.
Package xcolor Info: Model `HTML' substituted by `rgb' on input line 1368.
Package xcolor Info: Model `Hsb' substituted by `hsb' on input line 1369.
Package xcolor Info: Model `tHsb' substituted by `hsb' on input line 1370.
Package xcolor Info: Model `HSB' substituted by `hsb' on input line 1371.
Package xcolor Info: Model `Gray' substituted by `gray' on input line 1372.
Package xcolor Info: Model `wave' substituted by `hsb' on input line 1373.
)
(c:/texlive/2023/texmf-dist/tex/latex/graphics/dvipsnam.def
File: dvipsnam.def 2016/06/17 v3.0m Driver-dependent file (DPC,SPQR)
)
(c:/texlive/2023/texmf-dist/tex/latex/algorithm2e/algorithm2e.sty
Package: algorithm2e 2017/07/18 v5.2 algorithms environments
\c@AlgoLine=\count344
\algocf@hangindent=\skip66

(c:/texlive/2023/texmf-dist/tex/latex/ifoddpage/ifoddpage.sty
Package: ifoddpage 2022/10/18 v1.2 Conditionals for odd/even page detection
\c@checkoddpage=\count345
)
(c:/texlive/2023/texmf-dist/tex/latex/tools/xspace.sty
Package: xspace 2014/10/28 v1.13 Space after command names (DPC,MH)
)
(c:/texlive/2023/texmf-dist/tex/latex/relsize/relsize.sty
Package: relsize 2013/03/29 ver 4.1
)
\skiptotal=\skip67
\skiplinenumber=\skip68
\skiprule=\skip69
\skiphlne=\skip70
\skiptext=\skip71
\skiplength=\skip72
\algomargin=\skip73
\skipalgocfslide=\skip74
\algowidth=\dimen196
\inoutsize=\dimen197
\inoutindent=\dimen198
\interspacetitleruled=\dimen199
\interspacealgoruled=\dimen256
\interspacetitleboxruled=\dimen257
\algocf@ruledwidth=\skip75
\algocf@inoutbox=\box119
\algocf@inputbox=\box120
\AlCapSkip=\skip76
\AlCapHSkip=\skip77
\algoskipindent=\skip78
\algocf@nlbox=\box121
\algocf@hangingbox=\box122
\algocf@untilbox=\box123
\algocf@skipuntil=\skip79
\algocf@capbox=\box124
\algocf@lcaptionbox=\skip80
\algoheightruledefault=\skip81
\algoheightrule=\skip82
\algotitleheightruledefault=\skip83
\algotitleheightrule=\skip84
\c@algocfline=\count346
\c@algocfproc=\count347
\c@algocf=\count348
\algocf@algoframe=\box125
\algocf@algobox=\box126
)
(c:/texlive/2023/texmf-dist/tex/latex/pgf/frontendlayer/tikz.sty
(c:/texlive/2023/texmf-dist/tex/latex/pgf/basiclayer/pgf.sty
(c:/texlive/2023/texmf-dist/tex/latex/pgf/utilities/pgfrcs.sty
(c:/texlive/2023/texmf-dist/tex/generic/pgf/utilities/pgfutil-common.tex
\pgfutil@everybye=\toks36
\pgfutil@tempdima=\dimen258
\pgfutil@tempdimb=\dimen259
)
(c:/texlive/2023/texmf-dist/tex/generic/pgf/utilities/pgfutil-latex.def
\pgfutil@abb=\box127
)
(c:/texlive/2023/texmf-dist/tex/generic/pgf/utilities/pgfrcs.code.tex
(c:/texlive/2023/texmf-dist/tex/generic/pgf/pgf.revision.tex)
Package: pgfrcs 2023-01-15 v3.1.10 (3.1.10)
))
Package: pgf 2023-01-15 v3.1.10 (3.1.10)

(c:/texlive/2023/texmf-dist/tex/latex/pgf/basiclayer/pgfcore.sty
(c:/texlive/2023/texmf-dist/tex/latex/pgf/systemlayer/pgfsys.sty
(c:/texlive/2023/texmf-dist/tex/generic/pgf/systemlayer/pgfsys.code.tex
Package: pgfsys 2023-01-15 v3.1.10 (3.1.10)

(c:/texlive/2023/texmf-dist/tex/generic/pgf/utilities/pgfkeys.code.tex
\pgfkeys@pathtoks=\toks37
\pgfkeys@temptoks=\toks38

(c:/texlive/2023/texmf-dist/tex/generic/pgf/utilities/pgfkeyslibraryfiltered.co
de.tex
\pgfkeys@tmptoks=\toks39
))
\pgf@x=\dimen260
\pgf@y=\dimen261
\pgf@xa=\dimen262
\pgf@ya=\dimen263
\pgf@xb=\dimen264
\pgf@yb=\dimen265
\pgf@xc=\dimen266
\pgf@yc=\dimen267
\pgf@xd=\dimen268
\pgf@yd=\dimen269
\w@pgf@writea=\write5
\r@pgf@reada=\read4
\c@pgf@counta=\count349
\c@pgf@countb=\count350
\c@pgf@countc=\count351
\c@pgf@countd=\count352
\t@pgf@toka=\toks40
\t@pgf@tokb=\toks41
\t@pgf@tokc=\toks42
\pgf@sys@id@count=\count353
 (c:/texlive/2023/texmf-dist/tex/generic/pgf/systemlayer/pgf.cfg
File: pgf.cfg 2023-01-15 v3.1.10 (3.1.10)
)
Driver file for pgf: pgfsys-pdftex.def

(c:/texlive/2023/texmf-dist/tex/generic/pgf/systemlayer/pgfsys-pdftex.def
File: pgfsys-pdftex.def 2023-01-15 v3.1.10 (3.1.10)

(c:/texlive/2023/texmf-dist/tex/generic/pgf/systemlayer/pgfsys-common-pdf.def
File: pgfsys-common-pdf.def 2023-01-15 v3.1.10 (3.1.10)
)))
(c:/texlive/2023/texmf-dist/tex/generic/pgf/systemlayer/pgfsyssoftpath.code.tex
File: pgfsyssoftpath.code.tex 2023-01-15 v3.1.10 (3.1.10)
\pgfsyssoftpath@smallbuffer@items=\count354
\pgfsyssoftpath@bigbuffer@items=\count355
)
(c:/texlive/2023/texmf-dist/tex/generic/pgf/systemlayer/pgfsysprotocol.code.tex
File: pgfsysprotocol.code.tex 2023-01-15 v3.1.10 (3.1.10)
)) (c:/texlive/2023/texmf-dist/tex/generic/pgf/basiclayer/pgfcore.code.tex
Package: pgfcore 2023-01-15 v3.1.10 (3.1.10)

(c:/texlive/2023/texmf-dist/tex/generic/pgf/math/pgfmath.code.tex
(c:/texlive/2023/texmf-dist/tex/generic/pgf/math/pgfmathutil.code.tex)
(c:/texlive/2023/texmf-dist/tex/generic/pgf/math/pgfmathparser.code.tex
\pgfmath@dimen=\dimen270
\pgfmath@count=\count356
\pgfmath@box=\box128
\pgfmath@toks=\toks43
\pgfmath@stack@operand=\toks44
\pgfmath@stack@operation=\toks45
)
(c:/texlive/2023/texmf-dist/tex/generic/pgf/math/pgfmathfunctions.code.tex)
(c:/texlive/2023/texmf-dist/tex/generic/pgf/math/pgfmathfunctions.basic.code.te
x)
(c:/texlive/2023/texmf-dist/tex/generic/pgf/math/pgfmathfunctions.trigonometric
.code.tex)
(c:/texlive/2023/texmf-dist/tex/generic/pgf/math/pgfmathfunctions.random.code.t
ex)
(c:/texlive/2023/texmf-dist/tex/generic/pgf/math/pgfmathfunctions.comparison.co
de.tex)
(c:/texlive/2023/texmf-dist/tex/generic/pgf/math/pgfmathfunctions.base.code.tex
)
(c:/texlive/2023/texmf-dist/tex/generic/pgf/math/pgfmathfunctions.round.code.te
x)
(c:/texlive/2023/texmf-dist/tex/generic/pgf/math/pgfmathfunctions.misc.code.tex
)
(c:/texlive/2023/texmf-dist/tex/generic/pgf/math/pgfmathfunctions.integerarithm
etics.code.tex)
(c:/texlive/2023/texmf-dist/tex/generic/pgf/math/pgfmathcalc.code.tex)
(c:/texlive/2023/texmf-dist/tex/generic/pgf/math/pgfmathfloat.code.tex
\c@pgfmathroundto@lastzeros=\count357
))
(c:/texlive/2023/texmf-dist/tex/generic/pgf/math/pgfint.code.tex)
(c:/texlive/2023/texmf-dist/tex/generic/pgf/basiclayer/pgfcorepoints.code.tex
File: pgfcorepoints.code.tex 2023-01-15 v3.1.10 (3.1.10)
\pgf@picminx=\dimen271
\pgf@picmaxx=\dimen272
\pgf@picminy=\dimen273
\pgf@picmaxy=\dimen274
\pgf@pathminx=\dimen275
\pgf@pathmaxx=\dimen276
\pgf@pathminy=\dimen277
\pgf@pathmaxy=\dimen278
\pgf@xx=\dimen279
\pgf@xy=\dimen280
\pgf@yx=\dimen281
\pgf@yy=\dimen282
\pgf@zx=\dimen283
\pgf@zy=\dimen284
)
(c:/texlive/2023/texmf-dist/tex/generic/pgf/basiclayer/pgfcorepathconstruct.cod
e.tex
File: pgfcorepathconstruct.code.tex 2023-01-15 v3.1.10 (3.1.10)
\pgf@path@lastx=\dimen285
\pgf@path@lasty=\dimen286
)
(c:/texlive/2023/texmf-dist/tex/generic/pgf/basiclayer/pgfcorepathusage.code.te
x
File: pgfcorepathusage.code.tex 2023-01-15 v3.1.10 (3.1.10)
\pgf@shorten@end@additional=\dimen287
\pgf@shorten@start@additional=\dimen288
)
(c:/texlive/2023/texmf-dist/tex/generic/pgf/basiclayer/pgfcorescopes.code.tex
File: pgfcorescopes.code.tex 2023-01-15 v3.1.10 (3.1.10)
\pgfpic=\box129
\pgf@hbox=\box130
\pgf@layerbox@main=\box131
\pgf@picture@serial@count=\count358
)
(c:/texlive/2023/texmf-dist/tex/generic/pgf/basiclayer/pgfcoregraphicstate.code
.tex
File: pgfcoregraphicstate.code.tex 2023-01-15 v3.1.10 (3.1.10)
\pgflinewidth=\dimen289
)
(c:/texlive/2023/texmf-dist/tex/generic/pgf/basiclayer/pgfcoretransformations.c
ode.tex
File: pgfcoretransformations.code.tex 2023-01-15 v3.1.10 (3.1.10)
\pgf@pt@x=\dimen290
\pgf@pt@y=\dimen291
\pgf@pt@temp=\dimen292
)
(c:/texlive/2023/texmf-dist/tex/generic/pgf/basiclayer/pgfcorequick.code.tex
File: pgfcorequick.code.tex 2023-01-15 v3.1.10 (3.1.10)
)
(c:/texlive/2023/texmf-dist/tex/generic/pgf/basiclayer/pgfcoreobjects.code.tex
File: pgfcoreobjects.code.tex 2023-01-15 v3.1.10 (3.1.10)
)
(c:/texlive/2023/texmf-dist/tex/generic/pgf/basiclayer/pgfcorepathprocessing.co
de.tex
File: pgfcorepathprocessing.code.tex 2023-01-15 v3.1.10 (3.1.10)
)
(c:/texlive/2023/texmf-dist/tex/generic/pgf/basiclayer/pgfcorearrows.code.tex
File: pgfcorearrows.code.tex 2023-01-15 v3.1.10 (3.1.10)
\pgfarrowsep=\dimen293
)
(c:/texlive/2023/texmf-dist/tex/generic/pgf/basiclayer/pgfcoreshade.code.tex
File: pgfcoreshade.code.tex 2023-01-15 v3.1.10 (3.1.10)
\pgf@max=\dimen294
\pgf@sys@shading@range@num=\count359
\pgf@shadingcount=\count360
)
(c:/texlive/2023/texmf-dist/tex/generic/pgf/basiclayer/pgfcoreimage.code.tex
File: pgfcoreimage.code.tex 2023-01-15 v3.1.10 (3.1.10)
)
(c:/texlive/2023/texmf-dist/tex/generic/pgf/basiclayer/pgfcoreexternal.code.tex
File: pgfcoreexternal.code.tex 2023-01-15 v3.1.10 (3.1.10)
\pgfexternal@startupbox=\box132
) (c:/texlive/2023/texmf-dist/tex/generic/pgf/basiclayer/pgfcorelayers.code.tex
File: pgfcorelayers.code.tex 2023-01-15 v3.1.10 (3.1.10)
)
(c:/texlive/2023/texmf-dist/tex/generic/pgf/basiclayer/pgfcoretransparency.code
.tex
File: pgfcoretransparency.code.tex 2023-01-15 v3.1.10 (3.1.10)
)
(c:/texlive/2023/texmf-dist/tex/generic/pgf/basiclayer/pgfcorepatterns.code.tex
File: pgfcorepatterns.code.tex 2023-01-15 v3.1.10 (3.1.10)
) (c:/texlive/2023/texmf-dist/tex/generic/pgf/basiclayer/pgfcorerdf.code.tex
File: pgfcorerdf.code.tex 2023-01-15 v3.1.10 (3.1.10)
))) (c:/texlive/2023/texmf-dist/tex/generic/pgf/modules/pgfmoduleshapes.code.te
x
File: pgfmoduleshapes.code.tex 2023-01-15 v3.1.10 (3.1.10)
\pgfnodeparttextbox=\box133
)
(c:/texlive/2023/texmf-dist/tex/generic/pgf/modules/pgfmoduleplot.code.tex
File: pgfmoduleplot.code.tex 2023-01-15 v3.1.10 (3.1.10)
)
(c:/texlive/2023/texmf-dist/tex/latex/pgf/compatibility/pgfcomp-version-0-65.st
y
Package: pgfcomp-version-0-65 2023-01-15 v3.1.10 (3.1.10)
\pgf@nodesepstart=\dimen295
\pgf@nodesepend=\dimen296
)
(c:/texlive/2023/texmf-dist/tex/latex/pgf/compatibility/pgfcomp-version-1-18.st
y
Package: pgfcomp-version-1-18 2023-01-15 v3.1.10 (3.1.10)
)) (c:/texlive/2023/texmf-dist/tex/latex/pgf/utilities/pgffor.sty
(c:/texlive/2023/texmf-dist/tex/latex/pgf/utilities/pgfkeys.sty
(c:/texlive/2023/texmf-dist/tex/generic/pgf/utilities/pgfkeys.code.tex))
(c:/texlive/2023/texmf-dist/tex/latex/pgf/math/pgfmath.sty
(c:/texlive/2023/texmf-dist/tex/generic/pgf/math/pgfmath.code.tex))
(c:/texlive/2023/texmf-dist/tex/generic/pgf/utilities/pgffor.code.tex
Package: pgffor 2023-01-15 v3.1.10 (3.1.10)
\pgffor@iter=\dimen297
\pgffor@skip=\dimen298
\pgffor@stack=\toks46
\pgffor@toks=\toks47
))
(c:/texlive/2023/texmf-dist/tex/generic/pgf/frontendlayer/tikz/tikz.code.tex
Package: tikz 2023-01-15 v3.1.10 (3.1.10)

(c:/texlive/2023/texmf-dist/tex/generic/pgf/libraries/pgflibraryplothandlers.co
de.tex
File: pgflibraryplothandlers.code.tex 2023-01-15 v3.1.10 (3.1.10)
\pgf@plot@mark@count=\count361
\pgfplotmarksize=\dimen299
)
\tikz@lastx=\dimen300
\tikz@lasty=\dimen301
\tikz@lastxsaved=\dimen302
\tikz@lastysaved=\dimen303
\tikz@lastmovetox=\dimen304
\tikz@lastmovetoy=\dimen305
\tikzleveldistance=\dimen306
\tikzsiblingdistance=\dimen307
\tikz@figbox=\box134
\tikz@figbox@bg=\box135
\tikz@tempbox=\box136
\tikz@tempbox@bg=\box137
\tikztreelevel=\count362
\tikznumberofchildren=\count363
\tikznumberofcurrentchild=\count364
\tikz@fig@count=\count365

(c:/texlive/2023/texmf-dist/tex/generic/pgf/modules/pgfmodulematrix.code.tex
File: pgfmodulematrix.code.tex 2023-01-15 v3.1.10 (3.1.10)
\pgfmatrixcurrentrow=\count366
\pgfmatrixcurrentcolumn=\count367
\pgf@matrix@numberofcolumns=\count368
)
\tikz@expandcount=\count369

(c:/texlive/2023/texmf-dist/tex/generic/pgf/frontendlayer/tikz/libraries/tikzli
brarytopaths.code.tex
File: tikzlibrarytopaths.code.tex 2023-01-15 v3.1.10 (3.1.10)
)))
(c:/texlive/2023/texmf-dist/tex/latex/lipsum/lipsum.sty
(c:/texlive/2023/texmf-dist/tex/latex/l3packages/l3keys2e/l3keys2e.sty
(c:/texlive/2023/texmf-dist/tex/latex/l3kernel/expl3.sty
Package: expl3 2024-01-04 L3 programming layer (loader) 

(c:/texlive/2023/texmf-dist/tex/latex/l3backend/l3backend-pdftex.def
File: l3backend-pdftex.def 2024-01-04 L3 backend support: PDF output (pdfTeX)
\l__color_backend_stack_int=\count370
\l__pdf_internal_box=\box138
))
Package: l3keys2e 2023-10-10 LaTeX2e option processing using LaTeX3 keys
)
Package: lipsum 2021-09-20 v2.7 150 paragraphs of Lorem Ipsum dummy text
\g__lipsum_par_int=\count371
\l__lipsum_a_int=\count372
\l__lipsum_b_int=\count373

(c:/texlive/2023/texmf-dist/tex/latex/lipsum/lipsum.ltd.tex))
(c:/texlive/2023/texmf-dist/tex/latex/fancyhdr/fancyhdr.sty
Package: fancyhdr 2022/11/09 v4.1 Extensive control of page headers and footers

\f@nch@headwidth=\skip85
\f@nch@O@elh=\skip86
\f@nch@O@erh=\skip87
\f@nch@O@olh=\skip88
\f@nch@O@orh=\skip89
\f@nch@O@elf=\skip90
\f@nch@O@erf=\skip91
\f@nch@O@olf=\skip92
\f@nch@O@orf=\skip93
)
runsystem(for ^%i in (pygmentize.exe pygmentize.bat pygmentize.cmd) do set > No
tes_on_Kalman_Filter.aex <nul: /p x=^%~$PATH:i>> Notes_on_Kalman_Filter.aex)...
executed.

runsystem(del Notes_on_Kalman_Filter.aex)...executed.



./Notes on Kalman Filter.tex:60: Package minted Error: You must have `pygmentiz
e' installed to use this package.

See the minted package documentation for explanation.
Type  H <return>  for immediate help.
 ...                                              
                                                  
l.60 \begin{document}
                     
Refer to the installation instructions in the minted documentation for more inf
ormation.


LaTeX Warning: Unused global option(s):
    [9pt].

(E:\\repo\\supplementary_materials\\blog/Notes on Kalman Filter.aux)
\openout1 = `"Notes on Kalman Filter.aux"'.

LaTeX Font Info:    Checking defaults for OML/cmm/m/it on input line 60.
LaTeX Font Info:    ... okay on input line 60.
LaTeX Font Info:    Checking defaults for OMS/cmsy/m/n on input line 60.
LaTeX Font Info:    ... okay on input line 60.
LaTeX Font Info:    Checking defaults for OT1/cmr/m/n on input line 60.
LaTeX Font Info:    ... okay on input line 60.
LaTeX Font Info:    Checking defaults for T1/cmr/m/n on input line 60.
LaTeX Font Info:    ... okay on input line 60.
LaTeX Font Info:    Checking defaults for TS1/cmr/m/n on input line 60.
LaTeX Font Info:    ... okay on input line 60.
LaTeX Font Info:    Checking defaults for OMX/cmex/m/n on input line 60.
LaTeX Font Info:    ... okay on input line 60.
LaTeX Font Info:    Checking defaults for U/cmr/m/n on input line 60.
LaTeX Font Info:    ... okay on input line 60.
LaTeX Font Info:    Checking defaults for PD1/pdf/m/n on input line 60.
LaTeX Font Info:    ... okay on input line 60.
LaTeX Font Info:    Checking defaults for PU/pdf/m/n on input line 60.
LaTeX Font Info:    ... okay on input line 60.
LaTeX Font Info:    Checking defaults for LUC/nanummj/m/n on input line 60.
LaTeX Font Info:    Trying to load font information for LUC+nanummj on input li
ne 60.

(c:/texlive/2023/texmf-dist/tex/latex/nanumtype1/lucnanummj.fd
File: lucnanummj.fd 2013/02/12 v0.1 Nanum Myeongjo font definitions
)
LaTeX Font Info:    ... okay on input line 60.

(c:/texlive/2023/texmf-dist/tex/context/base/mkii/supp-pdf.mkii
[Loading MPS to PDF converter (version 2006.09.02).]
\scratchcounter=\count374
\scratchdimen=\dimen308
\scratchbox=\box139
\nofMPsegments=\count375
\nofMParguments=\count376
\everyMPshowfont=\toks48
\MPscratchCnt=\count377
\MPscratchDim=\dimen309
\MPnumerator=\count378
\makeMPintoPDFobject=\count379
\everyMPtoPDFconversion=\toks49
) (c:/texlive/2023/texmf-dist/tex/latex/epstopdf-pkg/epstopdf-base.sty
Package: epstopdf-base 2020-01-24 v2.11 Base part for package epstopdf
Package epstopdf-base Info: Redefining graphics rule for `.eps' on input line 4
85.

(c:/texlive/2023/texmf-dist/tex/latex/latexconfig/epstopdf-sys.cfg
File: epstopdf-sys.cfg 2010/07/13 v1.3 Configuration of (r)epstopdf for TeX Liv
e
))
Package hyperref Info: Link coloring OFF on input line 60.

(E:\\repo\\supplementary_materials\\blog/Notes on Kalman Filter.out)
(E:\\repo\\supplementary_materials\\blog/Notes on Kalman Filter.out)
\@outlinefile=\write6
\openout6 = `"Notes on Kalman Filter.out"'.


*geometry* driver: auto-detecting
*geometry* detected driver: pdftex
*geometry* verbose mode - [ preamble ] result:
* driver: pdftex
* paper: a4paper
* layout: <same size as paper>
* layoutoffset:(h,v)=(0.0pt,0.0pt)
* modes: 
* h-part:(L,W,R)=(72.26999pt, 452.9679pt, 72.26999pt)
* v-part:(T,H,B)=(72.26999pt, 700.50687pt, 72.26999pt)
* \paperwidth=597.50787pt
* \paperheight=845.04684pt
* \textwidth=452.9679pt
* \textheight=700.50687pt
* \oddsidemargin=0.0pt
* \evensidemargin=0.0pt
* \topmargin=-37.0pt
* \headheight=12.0pt
* \headsep=25.0pt
* \topskip=10.0pt
* \footskip=30.0pt
* \marginparwidth=57.0pt
* \marginparsep=11.0pt
* \columnsep=10.0pt
* \skip\footins=9.0pt plus 4.0pt minus 2.0pt
* \hoffset=0.0pt
* \voffset=0.0pt
* \mag=1000
* \@twocolumnfalse
* \@twosidefalse
* \@mparswitchfalse
* \@reversemarginfalse
* (1in=72.27pt=25.4mm, 1cm=28.453pt)

\symgns@font=\mathgroup6
LaTeX Font Info:    Overwriting symbol font `gns@font' in version `bold'
(Font)                  TS1/cmr/m/n --> TS1/cmr/b/n on input line 60.
Package gensymb Info: Math companion symbols declared on input line 60.
LaTeX Info: Redefining \degree on input line 60.
LaTeX Info: Redefining \celsius on input line 60.
Package gensymb Info: Using text companion symbols for \degree, \celsius and \p
erthousand on input line 60.
LaTeX Info: Redefining \ohm on input line 60.
Package gensymb Info: Using \textohm for \ohm on input line 60.
Package gensymb Info: Using \textmu for \micro on input line 60.
LaTeX Font Info:    Trying to load font information for U+msa on input line 63.

(c:/texlive/2023/texmf-dist/tex/latex/amsfonts/umsa.fd
File: umsa.fd 2013/01/14 v3.01 AMS symbols A
)
LaTeX Font Info:    Trying to load font information for U+msb on input line 63.


(c:/texlive/2023/texmf-dist/tex/latex/amsfonts/umsb.fd
File: umsb.fd 2013/01/14 v3.01 AMS symbols B
)
(E:\\repo\\supplementary_materials\\blog/Notes on Kalman Filter.toc [1

{c:/texlive/2023/texmf-var/fonts/map/pdftex/updmap/pdftex.map}{c:/texlive/2023/
texmf-dist/fonts/enc/dvips/cm-super/cm-super-t1.enc}{c:/texlive/2023/texmf-dist
/fonts/enc/dvips/cm-super/cm-super-ts1.enc}])
\tf@toc=\write7
\openout7 = `"Notes on Kalman Filter.toc"'.


Underfull \hbox (badness 10000) in paragraph at lines 68--71

 []

[2] [3] [4]
<05.png, id=346, 735.74875pt x 174.15062pt>
File: 05.png Graphic file (type png)
<use 05.png>
Package pdftex.def Info: 05.png  used on input line 240.
(pdftex.def)             Requested size: 341.43306pt x 80.81975pt.

Underfull \hbox (badness 10000) in paragraph at lines 237--241

 []


Underfull \hbox (badness 10000) in paragraph at lines 249--258

 []

[5 <./05.png>]
<03.png, id=372, 585.68813pt x 127.22531pt>
File: 03.png Graphic file (type png)
<use 03.png>
Package pdftex.def Info: 03.png  used on input line 334.
(pdftex.def)             Requested size: 341.43306pt x 74.16928pt.
 [6 <./03.png>]
Underfull \hbox (badness 10000) in paragraph at lines 342--350

 []

./Notes on Kalman Filter.tex:362: Extra alignment tab has been changed to \cr.
<template> $\hfil \endtemplate 
                               
l.362 ...thbf{x}}_{t-1|t-1} \\ & \mathbf{w}_{t}=0}
                                                  }   \\
You have given more \span or & marks than there were
in the preamble to the \halign or \valign now in progress.
So I'll assume that you meant to type \cr instead.

./Notes on Kalman Filter.tex:362: Extra alignment tab has been changed to \cr.
<template> $\hfil \endtemplate 
                               
l.362 ...thbf{x}}_{t-1|t-1} \\ & \mathbf{w}_{t}=0}
                                                  }   \\
You have given more \span or & marks than there were
in the preamble to the \halign or \valign now in progress.
So I'll assume that you meant to type \cr instead.

./Notes on Kalman Filter.tex:367: Extra alignment tab has been changed to \cr.
<template> $\hfil \endtemplate 
                               
l.367 ...hbf{x}}_{t|t-1} \\  & \mathbf{v}_{t} = 0}
                                                  } \\
You have given more \span or & marks than there were
in the preamble to the \halign or \valign now in progress.
So I'll assume that you meant to type \cr instead.

./Notes on Kalman Filter.tex:367: Extra alignment tab has been changed to \cr.
<template> $\hfil \endtemplate 
                               
l.367 ...hbf{x}}_{t|t-1} \\  & \mathbf{v}_{t} = 0}
                                                  } \\
You have given more \span or & marks than there were
in the preamble to the \halign or \valign now in progress.
So I'll assume that you meant to type \cr instead.


Underfull \hbox (badness 10000) in paragraph at lines 391--393

 []


Overfull \hbox (4.45692pt too wide) detected at line 398
[][][][][]
 []

[7]
Underfull \hbox (badness 10000) in paragraph at lines 419--422

 []

<06.png, id=411, 578.91281pt x 142.28156pt>
File: 06.png Graphic file (type png)
<use 06.png>
Package pdftex.def Info: 06.png  used on input line 480.
(pdftex.def)             Requested size: 341.43306pt x 83.915pt.
[8]
Underfull \hbox (badness 10000) in paragraph at lines 487--491

 []


Underfull \hbox (badness 10000) in paragraph at lines 500--502

 []


Underfull \hbox (badness 10000) in paragraph at lines 500--502

 []


Underfull \hbox (badness 10000) in paragraph at lines 509--518

 []

./Notes on Kalman Filter.tex:533: Extra alignment tab has been changed to \cr.
<template> $\hfil \endtemplate 
                               
l.533 	\end{aligned} }
                      
You have given more \span or & marks than there were
in the preamble to the \halign or \valign now in progress.
So I'll assume that you meant to type \cr instead.

./Notes on Kalman Filter.tex:533: Extra alignment tab has been changed to \cr.
<template> $\hfil \endtemplate 
                               
l.533 	\end{aligned} }
                      
You have given more \span or & marks than there were
in the preamble to the \halign or \valign now in progress.
So I'll assume that you meant to type \cr instead.

[9 <./06.png>]
./Notes on Kalman Filter.tex:538: Extra alignment tab has been changed to \cr.
<template> $\hfil \endtemplate 
                               
l.538 	\end{aligned} }
                      
You have given more \span or & marks than there were
in the preamble to the \halign or \valign now in progress.
So I'll assume that you meant to type \cr instead.

./Notes on Kalman Filter.tex:538: Extra alignment tab has been changed to \cr.
<template> $\hfil \endtemplate 
                               
l.538 	\end{aligned} }
                      
You have given more \span or & marks than there were
in the preamble to the \halign or \valign now in progress.
So I'll assume that you meant to type \cr instead.


Underfull \hbox (badness 10000) in paragraph at lines 583--586

 []

[10] [11]
<07.png, id=472, 629.35126pt x 126.4725pt>
File: 07.png Graphic file (type png)
<use 07.png>
Package pdftex.def Info: 07.png  used on input line 702.
(pdftex.def)             Requested size: 341.43306pt x 68.61255pt.
 [12 <./07.png>] [13]
<08.png, id=497, 588.69937pt x 155.07938pt>
File: 08.png Graphic file (type png)
<use 08.png>
Package pdftex.def Info: 08.png  used on input line 865.
(pdftex.def)             Requested size: 341.43306pt x 89.94373pt.

Underfull \hbox (badness 10000) in paragraph at lines 873--877

 []

[14 <./08.png>]
Underfull \hbox (badness 10000) in paragraph at lines 891--900

 []

./Notes on Kalman Filter.tex:906: Extra alignment tab has been changed to \cr.
<template> $\hfil \endtemplate 
                               
l.906 	\end{aligned} }
                      
You have given more \span or & marks than there were
in the preamble to the \halign or \valign now in progress.
So I'll assume that you meant to type \cr instead.

./Notes on Kalman Filter.tex:906: Extra alignment tab has been changed to \cr.
<template> $\hfil \endtemplate 
                               
l.906 	\end{aligned} }
                      
You have given more \span or & marks than there were
in the preamble to the \halign or \valign now in progress.
So I'll assume that you meant to type \cr instead.

./Notes on Kalman Filter.tex:911: Extra alignment tab has been changed to \cr.
<template> $\hfil \endtemplate 
                               
l.911 	\end{aligned} }
                      
You have given more \span or & marks than there were
in the preamble to the \halign or \valign now in progress.
So I'll assume that you meant to type \cr instead.

./Notes on Kalman Filter.tex:911: Extra alignment tab has been changed to \cr.
<template> $\hfil \endtemplate 
                               
l.911 	\end{aligned} }
                      
You have given more \span or & marks than there were
in the preamble to the \halign or \valign now in progress.
So I'll assume that you meant to type \cr instead.


Underfull \hbox (badness 10000) in paragraph at lines 932--934

 []


LaTeX Warning: Reference `eq:eskf2' on page 15 undefined on input line 947.

[15] [16] [17]
Underfull \hbox (badness 10000) in paragraph at lines 1144--1146

 []

[18]
Underfull \hbox (badness 10000) in paragraph at lines 1172--1175

 []


Underfull \hbox (badness 10000) in paragraph at lines 1190--1192

 []


Underfull \hbox (badness 10000) in paragraph at lines 1223--1228

 []

[19]
Underfull \hbox (badness 10000) in paragraph at lines 1288--1291

 []


Underfull \hbox (badness 10000) in paragraph at lines 1312--1316

 []

[20]
Underfull \hbox (badness 10000) in paragraph at lines 1353--1357

 []


Overfull \hbox (21.41656pt too wide) detected at line 1390
[][][][]
 []

<09.png, id=603, 1284.8pt x 725.71124pt>
File: 09.png Graphic file (type png)
<use 09.png>
Package pdftex.def Info: 09.png  used on input line 1413.
(pdftex.def)             Requested size: 455.24408pt x 257.13652pt.

Overfull \hbox (2.27618pt too wide) in paragraph at lines 1413--1414
 [][] 
 []

[21]
<10.png, id=613, 1284.8pt x 720.6925pt>
File: 10.png Graphic file (type png)
<use 10.png>
Package pdftex.def Info: 10.png  used on input line 1418.
(pdftex.def)             Requested size: 455.24408pt x 255.35826pt.

Overfull \hbox (2.27618pt too wide) in paragraph at lines 1418--1419
 [][] 
 []

<11.png, id=614, 1284.8pt x 713.66624pt>
File: 11.png Graphic file (type png)
<use 11.png>
Package pdftex.def Info: 11.png  used on input line 1423.
(pdftex.def)             Requested size: 455.24408pt x 252.8687pt.

Overfull \hbox (2.27618pt too wide) in paragraph at lines 1423--1424
 [][] 
 []

[22 <./09.png> <./10.png>]
<12.png, id=622, 1284.8pt x 711.65875pt>
File: 12.png Graphic file (type png)
<use 12.png>
Package pdftex.def Info: 12.png  used on input line 1428.
(pdftex.def)             Requested size: 455.24408pt x 252.1574pt.

Overfull \hbox (2.27618pt too wide) in paragraph at lines 1428--1429
 [][] 
 []

<13.png, id=623, 1284.8pt x 714.67pt>
File: 13.png Graphic file (type png)
<use 13.png>
Package pdftex.def Info: 13.png  used on input line 1433.
(pdftex.def)             Requested size: 455.24408pt x 253.22435pt.

Overfull \hbox (2.27618pt too wide) in paragraph at lines 1433--1434
 [][] 
 []

[23 <./11.png> <./12.png>] [24 <./13.png>] [25]
(E:\\repo\\supplementary_materials\\blog/Notes on Kalman Filter.aux)
 ***********
LaTeX2e <2023-11-01> patch level 1
L3 programming layer <2024-01-04>
 ***********


LaTeX Warning: There were undefined references.

Package rerunfilecheck Info: File `"Notes on Kalman Filter".out' has not change
d.
(rerunfilecheck)             Checksum: 89FA937BE73ED5C3D7D326AE50910533;7808.
 ) 
Here is how much of TeX's memory you used:
 27418 strings out of 474165
 509295 string characters out of 5749497
 1957542 words of memory out of 5000000
 48941 multiletter control sequences out of 15000+600000
 602708 words of font info for 170 fonts, out of 8000000 for 9000
 1141 hyphenation exceptions out of 8191
 84i,17n,93p,1011b,811s stack positions out of 10000i,1000n,20000p,200000b,200000s
<c:/texlive/2023/texmf-dist/fonts/type1/public/amsfonts/cm/cmbx10.pfb><c:/tex
live/2023/texmf-dist/fonts/type1/public/amsfonts/cm/cmbx5.pfb><c:/texlive/2023/
texmf-dist/fonts/type1/public/amsfonts/cm/cmbx7.pfb><c:/texlive/2023/texmf-dist
/fonts/type1/public/amsfonts/cm/cmex10.pfb><c:/texlive/2023/texmf-dist/fonts/ty
pe1/public/amsfonts/cm/cmmi10.pfb><c:/texlive/2023/texmf-dist/fonts/type1/publi
c/amsfonts/cm/cmmi5.pfb><c:/texlive/2023/texmf-dist/fonts/type1/public/amsfonts
/cm/cmmi7.pfb><c:/texlive/2023/texmf-dist/fonts/type1/public/amsfonts/cm/cmmib1
0.pfb><c:/texlive/2023/texmf-dist/fonts/type1/public/amsfonts/cm/cmr10.pfb><c:/
texlive/2023/texmf-dist/fonts/type1/public/amsfonts/cm/cmr5.pfb><c:/texlive/202
3/texmf-dist/fonts/type1/public/amsfonts/cm/cmr7.pfb><c:/texlive/2023/texmf-dis
t/fonts/type1/public/amsfonts/cm/cmsy10.pfb><c:/texlive/2023/texmf-dist/fonts/t
ype1/public/amsfonts/cm/cmsy5.pfb><c:/texlive/2023/texmf-dist/fonts/type1/publi
c/amsfonts/cm/cmsy7.pfb><c:/texlive/2023/texmf-dist/fonts/type1/public/amsfonts
/symbols/msam10.pfb><c:/texlive/2023/texmf-dist/fonts/type1/public/amsfonts/sym
bols/msam5.pfb><c:/texlive/2023/texmf-dist/fonts/type1/public/amsfonts/symbols/
msam7.pfb><c:/texlive/2023/texmf-dist/fonts/type1/public/amsfonts/symbols/msbm1
0.pfb><c:/texlive/2023/texmf-dist/fonts/type1/public/nanumtype1/nanummjbac.pfb>
<c:/texlive/2023/texmf-dist/fonts/type1/public/nanumtype1/nanummjbad.pfb><c:/te
xlive/2023/texmf-dist/fonts/type1/public/nanumtype1/nanummjbae.pfb><c:/texlive/
2023/texmf-dist/fonts/type1/public/nanumtype1/nanummjbb0.pfb><c:/texlive/2023/t
exmf-dist/fonts/type1/public/nanumtype1/nanummjbb2.pfb><c:/texlive/2023/texmf-d
ist/fonts/type1/public/nanumtype1/nanummjbb3.pfb><c:/texlive/2023/texmf-dist/fo
nts/type1/public/nanumtype1/nanummjbb4.pfb><c:/texlive/2023/texmf-dist/fonts/ty
pe1/public/nanumtype1/nanummjbb5.pfb><c:/texlive/2023/texmf-dist/fonts/type1/pu
blic/nanumtype1/nanummjbb6.pfb><c:/texlive/2023/texmf-dist/fonts/type1/public/n
anumtype1/nanummjbb7.pfb><c:/texlive/2023/texmf-dist/fonts/type1/public/nanumty
pe1/nanummjbb8.pfb><c:/texlive/2023/texmf-dist/fonts/type1/public/nanumtype1/na
nummjbb9.pfb><c:/texlive/2023/texmf-dist/fonts/type1/public/nanumtype1/nanummjb
ba.pfb><c:/texlive/2023/texmf-dist/fonts/type1/public/nanumtype1/nanummjbbb.pfb
><c:/texlive/2023/texmf-dist/fonts/type1/public/nanumtype1/nanummjbbc.pfb><c:/t
exlive/2023/texmf-dist/fonts/type1/public/nanumtype1/nanummjbbd.pfb><c:/texlive
/2023/texmf-dist/fonts/type1/public/nanumtype1/nanummjbbe.pfb><c:/texlive/2023/
texmf-dist/fonts/type1/public/nanumtype1/nanummjbbf.pfb><c:/texlive/2023/texmf-
dist/fonts/type1/public/nanumtype1/nanummjbc0.pfb><c:/texlive/2023/texmf-dist/f
onts/type1/public/nanumtype1/nanummjbc1.pfb><c:/texlive/2023/texmf-dist/fonts/t
ype1/public/nanumtype1/nanummjbc2.pfb><c:/texlive/2023/texmf-dist/fonts/type1/p
ublic/nanumtype1/nanummjbc5.pfb><c:/texlive/2023/texmf-dist/fonts/type1/public/
nanumtype1/nanummjbc6.pfb><c:/texlive/2023/texmf-dist/fonts/type1/public/nanumt
ype1/nanummjbc7.pfb><c:/texlive/2023/texmf-dist/fonts/type1/public/nanumtype1/n
anummjbc8.pfb><c:/texlive/2023/texmf-dist/fonts/type1/public/nanumtype1/nanummj
bc9.pfb><c:/texlive/2023/texmf-dist/fonts/type1/public/nanumtype1/nanummjbcc.pf
b><c:/texlive/2023/texmf-dist/fonts/type1/public/nanumtype1/nanummjbcd.pfb><c:/
texlive/2023/texmf-dist/fonts/type1/public/nanumtype1/nanummjbce.pfb><c:/texliv
e/2023/texmf-dist/fonts/type1/public/nanumtype1/nanummjbcf.pfb><c:/texlive/2023
/texmf-dist/fonts/type1/public/nanumtype1/nanummjbd0.pfb><c:/texlive/2023/texmf
-dist/fonts/type1/public/nanumtype1/nanummjbd1.pfb><c:/texlive/2023/texmf-dist/
fonts/type1/public/nanumtype1/nanummjbd3.pfb><c:/texlive/2023/texmf-dist/fonts/
type1/public/nanumtype1/nanummjbd5.pfb><c:/texlive/2023/texmf-dist/fonts/type1/
public/nanumtype1/nanummjbd6.pfb><c:/texlive/2023/texmf-dist/fonts/type1/public
/nanumtype1/nanummjmac.pfb><c:/texlive/2023/texmf-dist/fonts/type1/public/nanum
type1/nanummjmad.pfb><c:/texlive/2023/texmf-dist/fonts/type1/public/nanumtype1/
nanummjmae.pfb><c:/texlive/2023/texmf-dist/fonts/type1/public/nanumtype1/nanumm
jmaf.pfb><c:/texlive/2023/texmf-dist/fonts/type1/public/nanumtype1/nanummjmb0.p
fb><c:/texlive/2023/texmf-dist/fonts/type1/public/nanumtype1/nanummjmb1.pfb><c:
/texlive/2023/texmf-dist/fonts/type1/public/nanumtype1/nanummjmb2.pfb><c:/texli
ve/2023/texmf-dist/fonts/type1/public/nanumtype1/nanummjmb3.pfb><c:/texlive/202
3/texmf-dist/fonts/type1/public/nanumtype1/nanummjmb4.pfb><c:/texlive/2023/texm
f-dist/fonts/type1/public/nanumtype1/nanummjmb5.pfb><c:/texlive/2023/texmf-dist
/fonts/type1/public/nanumtype1/nanummjmb6.pfb><c:/texlive/2023/texmf-dist/fonts
/type1/public/nanumtype1/nanummjmb7.pfb><c:/texlive/2023/texmf-dist/fonts/type1
/public/nanumtype1/nanummjmb8.pfb><c:/texlive/2023/texmf-dist/fonts/type1/publi
c/nanumtype1/nanummjmb9.pfb><c:/texlive/2023/texmf-dist/fonts/type1/public/nanu
mtype1/nanummjmba.pfb><c:/texlive/2023/texmf-dist/fonts/type1/public/nanumtype1
/nanummjmbb.pfb><c:/texlive/2023/texmf-dist/fonts/type1/public/nanumtype1/nanum
mjmbc.pfb><c:/texlive/2023/texmf-dist/fonts/type1/public/nanumtype1/nanummjmbd.
pfb><c:/texlive/2023/texmf-dist/fonts/type1/public/nanumtype1/nanummjmbe.pfb><c
:/texlive/2023/texmf-dist/fonts/type1/public/nanumtype1/nanummjmbf.pfb><c:/texl
ive/2023/texmf-dist/fonts/type1/public/nanumtype1/nanummjmc0.pfb><c:/texlive/20
23/texmf-dist/fonts/type1/public/nanumtype1/nanummjmc1.pfb><c:/texlive/2023/tex
mf-dist/fonts/type1/public/nanumtype1/nanummjmc2.pfb><c:/texlive/2023/texmf-dis
t/fonts/type1/public/nanumtype1/nanummjmc3.pfb><c:/texlive/2023/texmf-dist/font
s/type1/public/nanumtype1/nanummjmc5.pfb><c:/texlive/2023/texmf-dist/fonts/type
1/public/nanumtype1/nanummjmc6.pfb><c:/texlive/2023/texmf-dist/fonts/type1/publ
ic/nanumtype1/nanummjmc7.pfb><c:/texlive/2023/texmf-dist/fonts/type1/public/nan
umtype1/nanummjmc8.pfb><c:/texlive/2023/texmf-dist/fonts/type1/public/nanumtype
1/nanummjmc9.pfb><c:/texlive/2023/texmf-dist/fonts/type1/public/nanumtype1/nanu
mmjmcc.pfb><c:/texlive/2023/texmf-dist/fonts/type1/public/nanumtype1/nanummjmcd
.pfb><c:/texlive/2023/texmf-dist/fonts/type1/public/nanumtype1/nanummjmce.pfb><
c:/texlive/2023/texmf-dist/fonts/type1/public/nanumtype1/nanummjmcf.pfb><c:/tex
live/2023/texmf-dist/fonts/type1/public/nanumtype1/nanummjmd0.pfb><c:/texlive/2
023/texmf-dist/fonts/type1/public/nanumtype1/nanummjmd1.pfb><c:/texlive/2023/te
xmf-dist/fonts/type1/public/nanumtype1/nanummjmd2.pfb><c:/texlive/2023/texmf-di
st/fonts/type1/public/nanumtype1/nanummjmd3.pfb><c:/texlive/2023/texmf-dist/fon
ts/type1/public/nanumtype1/nanummjmd4.pfb><c:/texlive/2023/texmf-dist/fonts/typ
e1/public/nanumtype1/nanummjmd5.pfb><c:/texlive/2023/texmf-dist/fonts/type1/pub
lic/nanumtype1/nanummjmd6.pfb><c:/texlive/2023/texmf-dist/fonts/type1/public/na
numtype1/nanummjmd7.pfb><c:/texlive/2023/texmf-dist/fonts/type1/public/cm-super
/sfbx0700.pfb><c:/texlive/2023/texmf-dist/fonts/type1/public/cm-super/sfbx1000.
pfb><c:/texlive/2023/texmf-dist/fonts/type1/public/cm-super/sfbx1200.pfb><c:/te
xlive/2023/texmf-dist/fonts/type1/public/cm-super/sfbx1440.pfb><c:/texlive/2023
/texmf-dist/fonts/type1/public/cm-super/sfrm0500.pfb><c:/texlive/2023/texmf-dis
t/fonts/type1/public/cm-super/sfrm0600.pfb><c:/texlive/2023/texmf-dist/fonts/ty
pe1/public/cm-super/sfrm0700.pfb><c:/texlive/2023/texmf-dist/fonts/type1/public
/cm-super/sfrm0800.pfb><c:/texlive/2023/texmf-dist/fonts/type1/public/cm-super/
sfrm1000.pfb><c:/texlive/2023/texmf-dist/fonts/type1/public/cm-super/sfrm1200.p
fb><c:/texlive/2023/texmf-dist/fonts/type1/public/cm-super/sfrm1728.pfb>
Output written on "E:\\repo\\supplementary_materials\\blog/Notes on Kalman Filt
er.pdf" (25 pages, 5292658 bytes).
PDF statistics:
 1139 PDF objects out of 1200 (max. 8388607)
 871 compressed objects within 9 object streams
 193 named destinations out of 1000 (max. 500000)
 455 words of extra memory for PDF output out of 10000 (max. 10000000)

