\BOOKMARK [1][-]{section.1}{\376\377\000R\000e\000c\000u\000r\000s\000i\000v\000e\000\040\000b\000a\000y\000e\000s\000\040\000f\000i\000l\000t\000e\000r}{}% 1
\BOOKMARK [2][-]{subsection.1.1}{\376\377\000D\000e\000r\000i\000v\000a\000t\000i\000o\000n\000\040\000o\000f\000\040\000r\000e\000c\000u\000r\000s\000i\000v\000e\000\040\000b\000a\000y\000e\000s\000\040\000f\000i\000l\000t\000e\000r}{section.1}% 2
\BOOKMARK [2][-]{subsection.1.2}{\376\377\000G\000a\000u\000s\000s\000i\000a\000n\000\040\000b\000e\000l\000i\000e\000f\000\040\000c\000a\000s\000e}{section.1}% 3
\BOOKMARK [1][-]{section.2}{\376\377\000K\000a\000l\000m\000a\000n\000\040\000f\000i\000l\000t\000e\000r\000\040\000\050\000K\000F\000\051}{}% 4
\BOOKMARK [2][-]{subsection.2.1}{\376\377\000P\000r\000e\000d\000i\000c\000t\000i\000o\000n\000\040\000s\000t\000e\000p}{section.2}% 5
\BOOKMARK [2][-]{subsection.2.2}{\376\377\000C\000o\000r\000r\000e\000c\000t\000i\000o\000n\000\040\000s\000t\000e\000p}{section.2}% 6
\BOOKMARK [2][-]{subsection.2.3}{\376\377\000S\000u\000m\000m\000a\000r\000y}{section.2}% 7
\BOOKMARK [1][-]{section.3}{\376\377\000E\000x\000t\000e\000n\000d\000e\000d\000\040\000k\000a\000l\000m\000a\000n\000\040\000f\000i\000l\000t\000e\000r\000\040\000\050\000E\000K\000F\000\051}{}% 8
\BOOKMARK [2][-]{subsection.3.1}{\376\377\000P\000r\000e\000d\000i\000c\000t\000i\000o\000n\000\040\000s\000t\000e\000p}{section.3}% 9
\BOOKMARK [2][-]{subsection.3.2}{\376\377\000C\000o\000r\000r\000e\000c\000t\000i\000o\000n\000\040\000s\000t\000e\000p}{section.3}% 10
\BOOKMARK [2][-]{subsection.3.3}{\376\377\000S\000u\000m\000m\000a\000r\000y}{section.3}% 11
\BOOKMARK [1][-]{section.4}{\376\377\000E\000r\000r\000o\000r\000-\000s\000t\000a\000t\000e\000\040\000k\000a\000l\000m\000a\000n\000\040\000f\000i\000l\000t\000e\000r\000\040\000\050\000E\000S\000K\000F\000\051}{}% 12
\BOOKMARK [2][-]{subsection.4.1}{\376\377\000P\000r\000e\000d\000i\000c\000t\000i\000o\000n\000\040\000s\000t\000e\000p}{section.4}% 13
\BOOKMARK [2][-]{subsection.4.2}{\376\377\000C\000o\000r\000r\000e\000c\000t\000i\000o\000n\000\040\000s\000t\000e\000p}{section.4}% 14
\BOOKMARK [3][-]{subsubsection.4.2.1}{\376\377\000R\000e\000s\000e\000t}{subsection.4.2}% 15
\BOOKMARK [2][-]{subsection.4.3}{\376\377\000S\000u\000m\000m\000a\000r\000y}{section.4}% 16
\BOOKMARK [1][-]{section.5}{\376\377\000I\000t\000e\000r\000a\000t\000e\000d\000\040\000e\000x\000t\000e\000n\000d\000e\000d\000\040\000k\000a\000l\000m\000a\000n\000\040\000f\000i\000l\000t\000e\000r\000\040\000\050\000I\000E\000K\000F\000\051}{}% 17
\BOOKMARK [2][-]{subsection.5.1}{\376\377\000C\000o\000m\000p\000a\000r\000e\000\040\000t\000o\000\040\000E\000K\000F}{section.5}% 18
\BOOKMARK [3][-]{subsubsection.5.1.1}{\376\377\000C\000o\000m\000m\000o\000n\000a\000l\000i\000t\000y\000\040\0001}{subsection.5.1}% 19
\BOOKMARK [3][-]{subsubsection.5.1.2}{\376\377\000C\000o\000m\000m\000o\000n\000a\000l\000i\000t\000y\000\040\0002}{subsection.5.1}% 20
\BOOKMARK [3][-]{subsubsection.5.1.3}{\376\377\000C\000o\000m\000m\000o\000n\000a\000l\000i\000t\000y\000\040\0003}{subsection.5.1}% 21
\BOOKMARK [3][-]{subsubsection.5.1.4}{\376\377\000D\000i\000f\000f\000e\000r\000e\000n\000c\000e\000\040\0001}{subsection.5.1}% 22
\BOOKMARK [3][-]{subsubsection.5.1.5}{\376\377\000D\000i\000f\000f\000e\000r\000e\000n\000c\000e\000\040\0002}{subsection.5.1}% 23
\BOOKMARK [2][-]{subsection.5.2}{\376\377\000P\000r\000e\000d\000i\000c\000t\000i\000o\000n\000\040\000s\000t\000e\000p}{section.5}% 24
\BOOKMARK [2][-]{subsection.5.3}{\376\377\000C\000o\000r\000r\000e\000c\000t\000i\000o\000n\000\040\000s\000t\000e\000p}{section.5}% 25
\BOOKMARK [2][-]{subsection.5.4}{\376\377\000S\000u\000m\000m\000a\000r\000y}{section.5}% 26
\BOOKMARK [1][-]{section.6}{\376\377\000I\000t\000e\000r\000a\000t\000e\000d\000\040\000e\000r\000r\000o\000r\000-\000s\000t\000a\000t\000e\000\040\000k\000a\000l\000m\000a\000n\000\040\000f\000i\000l\000t\000e\000r\000\040\000\050\000I\000E\000S\000K\000F\000\051}{}% 27
\BOOKMARK [2][-]{subsection.6.1}{\376\377\000C\000o\000m\000p\000a\000r\000e\000\040\000t\000o\000\040\000E\000S\000K\000F}{section.6}% 28
\BOOKMARK [3][-]{subsubsection.6.1.1}{\376\377\000C\000o\000m\000m\000o\000n\000a\000l\000i\000t\000y\000\040\0001}{subsection.6.1}% 29
\BOOKMARK [3][-]{subsubsection.6.1.2}{\376\377\000C\000o\000m\000m\000o\000n\000a\000l\000i\000t\000y\000\040\0002}{subsection.6.1}% 30
\BOOKMARK [3][-]{subsubsection.6.1.3}{\376\377\000C\000o\000m\000m\000o\000n\000a\000l\000i\000t\000y\000\040\0003}{subsection.6.1}% 31
\BOOKMARK [3][-]{subsubsection.6.1.4}{\376\377\000D\000i\000f\000f\000e\000r\000e\000n\000c\000e\000\040\000\050\000M\000A\000P\000-\000b\000a\000s\000e\000d\000\040\000d\000e\000r\000i\000v\000a\000t\000i\000o\000n\000\051}{subsection.6.1}% 32
\BOOKMARK [2][-]{subsection.6.2}{\376\377\000P\000r\000e\000d\000i\000c\000t\000i\000o\000n\000\040\000s\000t\000e\000p}{section.6}% 33
\BOOKMARK [2][-]{subsection.6.3}{\376\377\000C\000o\000r\000r\000e\000c\000t\000i\000o\000n\000\040\000s\000t\000e\000p}{section.6}% 34
\BOOKMARK [2][-]{subsection.6.4}{\376\377\000S\000u\000m\000m\000a\000r\000y}{section.6}% 35
\BOOKMARK [1][-]{section.7}{\376\377\000M\000A\000P\000,\000\040\000G\000N\000,\000\040\000a\000n\000d\000\040\000E\000K\000F\000\040\000r\000e\000l\000a\000t\000i\000o\000n\000s\000h\000i\000p}{}% 36
\BOOKMARK [2][-]{subsection.7.1}{\376\377\000T\000r\000a\000d\000i\000t\000i\000o\000n\000a\000l\000\040\000E\000K\000F\000\040\000d\000e\000r\000i\000v\000a\000t\000i\000o\000n}{section.7}% 37
\BOOKMARK [2][-]{subsection.7.2}{\376\377\000M\000A\000P\000-\000b\000a\000s\000e\000d\000\040\000E\000K\000F\000\040\000d\000e\000r\000i\000v\000a\000t\000i\000o\000n}{section.7}% 38
\BOOKMARK [3][-]{subsubsection.7.2.1}{\376\377\000S\000t\000a\000r\000t\000\040\000f\000r\000o\000m\000\040\000M\000A\000P\000\040\000e\000s\000t\000i\000m\000a\000t\000o\000r}{subsection.7.2}% 39
\BOOKMARK [3][-]{subsubsection.7.2.2}{\376\377\000M\000L\000E\000\040\000o\000f\000\040\000n\000e\000w\000\040\000o\000b\000s\000e\000r\000v\000a\000t\000i\000o\000n\000\040\000f\000u\000n\000c\000t\000i\000o\000n}{subsection.7.2}% 40
\BOOKMARK [3][-]{subsubsection.7.2.3}{\376\377\000G\000a\000u\000s\000s\000-\000N\000e\000w\000t\000o\000n\000\040\000O\000p\000t\000i\000m\000i\000z\000a\000t\000i\000o\000n}{subsection.7.2}% 41
\BOOKMARK [1][-]{section.8}{\376\377\000W\000r\000a\000p\000-\000u\000p}{}% 42
\BOOKMARK [2][-]{subsection.8.1}{\376\377\000K\000a\000l\000m\000a\000n\000\040\000F\000i\000l\000t\000e\000r\000\040\000\050\000K\000F\000\051}{section.8}% 43
\BOOKMARK [2][-]{subsection.8.2}{\376\377\000E\000x\000t\000e\000n\000d\000e\000d\000\040\000K\000a\000l\000m\000a\000n\000\040\000F\000i\000l\000t\000e\000r\000\040\000\050\000E\000K\000F\000\051}{section.8}% 44
\BOOKMARK [2][-]{subsection.8.3}{\376\377\000E\000r\000r\000o\000r\000-\000s\000t\000a\000t\000e\000\040\000K\000a\000l\000m\000a\000n\000\040\000F\000i\000l\000t\000e\000r\000\040\000\050\000E\000S\000K\000F\000\051}{section.8}% 45
\BOOKMARK [2][-]{subsection.8.4}{\376\377\000I\000t\000e\000r\000a\000t\000e\000d\000\040\000E\000x\000t\000e\000n\000d\000e\000d\000\040\000K\000a\000l\000m\000a\000n\000\040\000F\000i\000l\000t\000e\000r\000\040\000\050\000I\000E\000K\000F\000\051}{section.8}% 46
\BOOKMARK [2][-]{subsection.8.5}{\376\377\000I\000t\000e\000r\000a\000t\000e\000d\000\040\000E\000r\000r\000o\000r\000-\000s\000t\000a\000t\000e\000\040\000K\000a\000l\000m\000a\000n\000\040\000F\000i\000l\000t\000e\000r\000\040\000\050\000I\000E\000S\000K\000F\000\051}{section.8}% 47
\BOOKMARK [1][-]{section.9}{\376\377\000R\000e\000f\000e\000r\000e\000n\000c\000e}{}% 48
\BOOKMARK [1][-]{section.10}{\376\377\000R\000e\000v\000i\000s\000i\000o\000n\000\040\000l\000o\000g}{}% 49
