\BOOKMARK [1][-]{section.1}{\376\377\000I\000n\000t\000r\000o\000d\000u\000c\000t\000i\000o\000n}{}% 1
\BOOKMARK [2][-]{subsection.1.1}{\376\377\000T\000h\000e\000\040\000M\000a\000t\000h\000e\000m\000a\000t\000i\000c\000a\000l\000\040\000E\000s\000t\000i\000m\000a\000t\000i\000o\000n\000\040\000P\000r\000o\000b\000l\000e\000m}{section.1}% 2
\BOOKMARK [2][-]{subsection.1.2}{\376\377\000A\000s\000s\000e\000s\000s\000i\000n\000g\000\040\000E\000s\000t\000i\000m\000a\000t\000o\000r\000\040\000P\000e\000r\000f\000o\000r\000m\000a\000n\000c\000e}{section.1}% 3
\BOOKMARK [1][-]{section.2}{\376\377\000M\000i\000n\000i\000m\000u\000m\000\040\000V\000a\000r\000i\000a\000n\000c\000e\000\040\000U\000n\000b\000i\000a\000s\000e\000d\000\040\000E\000s\000t\000i\000m\000a\000t\000i\000o\000n}{}% 4
\BOOKMARK [2][-]{subsection.2.1}{\376\377\000U\000n\000b\000i\000a\000s\000e\000d\000\040\000E\000s\000t\000i\000m\000a\000t\000o\000r\000s}{section.2}% 5
\BOOKMARK [3][-]{subsubsection.2.1.1}{\376\377\000E\000x\000a\000m\000p\000l\000e\000\040\0002\000.\0001\000\040\000a\000n\000d\000\040\000E\000x\000a\000m\000p\000l\000e\000\040\0002\000.\0002}{subsection.2.1}% 6
\BOOKMARK [2][-]{subsection.2.2}{\376\377\000M\000i\000n\000i\000m\000u\000m\000\040\000V\000a\000r\000i\000a\000n\000c\000e\000\040\000C\000r\000i\000t\000e\000r\000i\000o\000n}{section.2}% 7
\BOOKMARK [2][-]{subsection.2.3}{\376\377\000E\000x\000i\000s\000t\000e\000n\000c\000e\000\040\000o\000f\000\040\000t\000h\000e\000\040\000M\000i\000n\000i\000m\000u\000m\000\040\000V\000a\000r\000i\000a\000n\000c\000e\000\040\000U\000n\000b\000i\000a\000s\000e\000d\000\040\000E\000s\000t\000i\000m\000a\000t\000o\000r}{section.2}% 8
\BOOKMARK [2][-]{subsection.2.4}{\376\377\000F\000i\000n\000d\000i\000n\000g\000\040\000t\000h\000e\000\040\000M\000i\000n\000i\000m\000u\000m\000\040\000V\000a\000r\000i\000a\000n\000c\000e\000\040\000U\000n\000b\000i\000a\000s\000e\000d\000\040\000E\000s\000t\000i\000m\000a\000t\000o\000r}{section.2}% 9
\BOOKMARK [1][-]{section.3}{\376\377\000C\000r\000a\000m\000e\000r\000-\000R\000a\000o\000\040\000L\000o\000w\000e\000r\000\040\000B\000o\000u\000n\000d}{}% 10
\BOOKMARK [2][-]{subsection.3.1}{\376\377\000E\000s\000t\000i\000m\000a\000t\000o\000r\000\040\000A\000c\000c\000u\000r\000a\000c\000y\000\040\000C\000o\000n\000s\000i\000d\000e\000r\000a\000t\000i\000o\000n\000s}{section.3}% 11
\BOOKMARK [3][-]{subsubsection.3.1.1}{\376\377\000E\000x\000a\000m\000p\000l\000e\000\040\0003\000.\0001\000\040\000-\000\040\000P\000D\000F\000\040\000D\000e\000p\000e\000n\000d\000e\000n\000c\000e\000\040\000o\000n\000\040\000U\000n\000k\000n\000o\000w\000n\000\040\000P\000a\000r\000a\000m\000e\000t\000e\000r}{subsection.3.1}% 12
\BOOKMARK [2][-]{subsection.3.2}{\376\377\000C\000r\000a\000m\000e\000r\000-\000R\000a\000o\000\040\000L\000o\000w\000e\000r\000\040\000B\000o\000u\000n\000d}{section.3}% 13
\BOOKMARK [3][-]{subsubsection.3.2.1}{\376\377\000E\000x\000a\000m\000p\000l\000e\000\040\0003\000.\0003\000\040\000-\000\040\000D\000C\000\040\000L\000e\000v\000e\000l\000\040\000i\000n\000\040\000W\000h\000i\000t\000e\000\040\000G\000a\000u\000s\000s\000i\000a\000n\000\040\000N\000o\000i\000s\000e}{subsection.3.2}% 14
\BOOKMARK [2][-]{subsection.3.3}{\376\377\000T\000r\000a\000n\000s\000f\000o\000r\000m\000a\000t\000i\000o\000n\000\040\000o\000f\000\040\000P\000a\000r\000a\000m\000e\000t\000e\000r\000s}{section.3}% 15
\BOOKMARK [2][-]{subsection.3.4}{\376\377\000E\000x\000t\000e\000n\000s\000i\000o\000n\000\040\000t\000o\000\040\000a\000\040\000V\000e\000c\000t\000o\000r\000\040\000P\000a\000r\000a\000m\000e\000t\000e\000r}{section.3}% 16
\BOOKMARK [3][-]{subsubsection.3.4.1}{\376\377\000E\000x\000a\000m\000p\000l\000e\000\040\0003\000.\0006\000\040\000-\000\040\000D\000C\000\040\000L\000e\000v\000e\000l\000\040\000i\000n\000\040\000W\000h\000i\000t\000e\000\040\000G\000a\000u\000s\000s\000i\000a\000n\000\040\000N\000o\000i\000s\000e\000\040\000\050\000R\000e\000v\000i\000s\000i\000t\000e\000d\000\051}{subsection.3.4}% 17
\BOOKMARK [3][-]{subsubsection.3.4.2}{\376\377\000E\000x\000a\000m\000p\000l\000e\000\040\0003\000.\0007\000\040\000-\000\040\000L\000i\000n\000e\000\040\000F\000i\000t\000t\000i\000n\000g}{subsection.3.4}% 18
\BOOKMARK [2][-]{subsection.3.5}{\376\377\000V\000e\000c\000t\000o\000r\000\040\000P\000a\000r\000a\000m\000e\000t\000e\000r\000\040\000C\000R\000L\000B\000\040\000f\000o\000r\000\040\000T\000r\000a\000n\000s\000f\000o\000r\000m\000a\000t\000i\000o\000n\000s}{section.3}% 19
\BOOKMARK [1][-]{section.4}{\376\377\000L\000i\000n\000e\000a\000r\000\040\000M\000o\000d\000e\000l\000s}{}% 20
\BOOKMARK [1][-]{section.5}{\376\377\000G\000e\000n\000e\000r\000a\000l\000\040\000M\000i\000n\000i\000m\000u\000m\000\040\000V\000a\000r\000i\000a\000n\000c\000e\000\040\000U\000n\000b\000i\000a\000s\000e\000d\000\040\000E\000s\000t\000i\000m\000a\000t\000i\000o\000n}{}% 21
\BOOKMARK [1][-]{section.6}{\376\377\000B\000e\000s\000t\000\040\000L\000i\000n\000e\000a\000r\000\040\000U\000n\000b\000i\000a\000s\000e\000d\000\040\000E\000s\000t\000i\000m\000a\000t\000i\000o\000n}{}% 22
\BOOKMARK [1][-]{section.7}{\376\377\000M\000a\000x\000i\000m\000u\000m\000\040\000L\000i\000k\000e\000l\000i\000h\000o\000o\000d\000\040\000E\000s\000t\000i\000m\000a\000t\000i\000o\000n}{}% 23
\BOOKMARK [1][-]{section.8}{\376\377\000L\000e\000a\000s\000t\000\040\000S\000q\000u\000a\000r\000e\000s}{}% 24
\BOOKMARK [1][-]{section.9}{\376\377\000T\000h\000e\000\040\000B\000a\000y\000e\000s\000i\000a\000n\000\040\000P\000h\000i\000l\000o\000s\000o\000p\000h\000y}{}% 25
\BOOKMARK [1][-]{section.10}{\376\377\000G\000e\000n\000e\000r\000a\000l\000\040\000B\000a\000y\000e\000s\000i\000a\000n\000\040\000E\000s\000t\000i\000m\000a\000t\000o\000r\000s}{}% 26
\BOOKMARK [1][-]{section.11}{\376\377\000L\000i\000n\000e\000a\000r\000\040\000B\000a\000y\000e\000s\000i\000a\000n\000\040\000E\000s\000t\000i\000m\000a\000t\000o\000r\000s}{}% 27
\BOOKMARK [1][-]{section.12}{\376\377\000K\000a\000l\000m\000a\000n\000\040\000F\000i\000l\000t\000e\000r\000s}{}% 28
\BOOKMARK [1][-]{section.13}{\376\377\000R\000e\000f\000e\000r\000e\000n\000c\000e\000s}{}% 29
\BOOKMARK [1][-]{section.14}{\376\377\000R\000e\000v\000i\000s\000i\000o\000n\000\040\000l\000o\000g}{}% 30
